[14/Aug/2018 17:44:17] DEBUG [django.db.backends:111] (0.000) 
            SELECT name, type FROM sqlite_master
            WHERE type in ('table', 'view') AND NOT name='sqlite_sequence'
            ORDER BY name; args=None
[14/Aug/2018 17:44:17] DEBUG [django.db.backends:111] (0.000) SELECT "django_migrations"."app", "django_migrations"."name" FROM "django_migrations"; args=()
[14/Aug/2018 17:44:22] DEBUG [django.db.backends:111] (0.001) SELECT "django_session"."session_key", "django_session"."session_data", "django_session"."expire_date" FROM "django_session" WHERE ("django_session"."expire_date" > '2018-08-14 22:44:22.579314' AND "django_session"."session_key" = 'aeguoexapmkw5836sh5aqoy84dqn2od9'); args=('2018-08-14 22:44:22.579314', 'aeguoexapmkw5836sh5aqoy84dqn2od9')
[14/Aug/2018 17:44:22] DEBUG [django.db.backends:111] (0.000) SELECT "auth_user"."id", "auth_user"."password", "auth_user"."last_login", "auth_user"."is_superuser", "auth_user"."username", "auth_user"."first_name", "auth_user"."last_name", "auth_user"."email", "auth_user"."is_staff", "auth_user"."is_active", "auth_user"."date_joined" FROM "auth_user" WHERE "auth_user"."id" = 1; args=(1,)
[14/Aug/2018 17:44:22] DEBUG [django.template:872] Exception while resolving variable 'is_popup' in template 'admin/index.html'.
Traceback (most recent call last):
  File "C:\Users\asullom\.virtualenvs\nlotes_serve-u3riQcTX\lib\site-packages\django\template\base.py", line 829, in _resolve_lookup
    current = current[bit]
  File "C:\Users\asullom\.virtualenvs\nlotes_serve-u3riQcTX\lib\site-packages\django\template\context.py", line 83, in __getitem__
    raise KeyError(key)
KeyError: 'is_popup'

During handling of the above exception, another exception occurred:

Traceback (most recent call last):
  File "C:\Users\asullom\.virtualenvs\nlotes_serve-u3riQcTX\lib\site-packages\django\template\base.py", line 835, in _resolve_lookup
    if isinstance(current, BaseContext) and getattr(type(current), bit):
AttributeError: type object 'RequestContext' has no attribute 'is_popup'

During handling of the above exception, another exception occurred:

Traceback (most recent call last):
  File "C:\Users\asullom\.virtualenvs\nlotes_serve-u3riQcTX\lib\site-packages\django\template\base.py", line 843, in _resolve_lookup
    current = current[int(bit)]
ValueError: invalid literal for int() with base 10: 'is_popup'

During handling of the above exception, another exception occurred:

Traceback (most recent call last):
  File "C:\Users\asullom\.virtualenvs\nlotes_serve-u3riQcTX\lib\site-packages\django\template\base.py", line 850, in _resolve_lookup
    (bit, current))  # missing attribute
django.template.base.VariableDoesNotExist: Failed lookup for key [is_popup] in [{'True': True, 'False': False, 'None': None}, {'csrf_token': <SimpleLazyObject: 'ILdV28azLUVIptSdW9m7CJXNPo8a8eGhF6mTYPp5k7qv7X9DcahRWFlwBCQYRcSN'>, 'debug': True, 'sql_queries': <function debug.<locals>.<lambda> at 0x00000220DA654950>, 'request': <WSGIRequest: GET '/admin/'>, 'user': <SimpleLazyObject: <User: admin>>, 'perms': <django.contrib.auth.context_processors.PermWrapper object at 0x00000220DA655518>, 'messages': <django.contrib.messages.storage.fallback.FallbackStorage object at 0x00000220DA2A8C50>, 'DEFAULT_MESSAGE_LEVELS': {'DEBUG': 10, 'INFO': 20, 'SUCCESS': 25, 'WARNING': 30, 'ERROR': 40}, 'LANGUAGES': [('af', 'Afrikaans'), ('ar', 'Arabic'), ('ast', 'Asturian'), ('az', 'Azerbaijani'), ('bg', 'Bulgarian'), ('be', 'Belarusian'), ('bn', 'Bengali'), ('br', 'Breton'), ('bs', 'Bosnian'), ('ca', 'Catalan'), ('cs', 'Czech'), ('cy', 'Welsh'), ('da', 'Danish'), ('de', 'German'), ('dsb', 'Lower Sorbian'), ('el', 'Greek'), ('en', 'English'), ('en-au', 'Australian English'), ('en-gb', 'British English'), ('eo', 'Esperanto'), ('es', 'Spanish'), ('es-ar', 'Argentinian Spanish'), ('es-co', 'Colombian Spanish'), ('es-mx', 'Mexican Spanish'), ('es-ni', 'Nicaraguan Spanish'), ('es-ve', 'Venezuelan Spanish'), ('et', 'Estonian'), ('eu', 'Basque'), ('fa', 'Persian'), ('fi', 'Finnish'), ('fr', 'French'), ('fy', 'Frisian'), ('ga', 'Irish'), ('gd', 'Scottish Gaelic'), ('gl', 'Galician'), ('he', 'Hebrew'), ('hi', 'Hindi'), ('hr', 'Croatian'), ('hsb', 'Upper Sorbian'), ('hu', 'Hungarian'), ('ia', 'Interlingua'), ('id', 'Indonesian'), ('io', 'Ido'), ('is', 'Icelandic'), ('it', 'Italian'), ('ja', 'Japanese'), ('ka', 'Georgian'), ('kab', 'Kabyle'), ('kk', 'Kazakh'), ('km', 'Khmer'), ('kn', 'Kannada'), ('ko', 'Korean'), ('lb', 'Luxembourgish'), ('lt', 'Lithuanian'), ('lv', 'Latvian'), ('mk', 'Macedonian'), ('ml', 'Malayalam'), ('mn', 'Mongolian'), ('mr', 'Marathi'), ('my', 'Burmese'), ('nb', 'Norwegian Bokmål'), ('ne', 'Nepali'), ('nl', 'Dutch'), ('nn', 'Norwegian Nynorsk'), ('os', 'Ossetic'), ('pa', 'Punjabi'), ('pl', 'Polish'), ('pt', 'Portuguese'), ('pt-br', 'Brazilian Portuguese'), ('ro', 'Romanian'), ('ru', 'Russian'), ('sk', 'Slovak'), ('sl', 'Slovenian'), ('sq', 'Albanian'), ('sr', 'Serbian'), ('sr-latn', 'Serbian Latin'), ('sv', 'Swedish'), ('sw', 'Swahili'), ('ta', 'Tamil'), ('te', 'Telugu'), ('th', 'Thai'), ('tr', 'Turkish'), ('tt', 'Tatar'), ('udm', 'Udmurt'), ('uk', 'Ukrainian'), ('ur', 'Urdu'), ('vi', 'Vietnamese'), ('zh-hans', 'Simplified Chinese'), ('zh-hant', 'Traditional Chinese')], 'LANGUAGE_CODE': 'es', 'LANGUAGE_BIDI': False, 'MEDIA_URL': '', 'STATIC_URL': '/static/', 'TIME_ZONE': 'UTC'}, {}, {'site_title': 'Sitio de administración de Django', 'site_header': 'Administración de Django', 'site_url': '/', 'has_permission': True, 'available_apps': [{'name': 'Autenticación y autorización', 'app_label': 'auth', 'app_url': '/admin/auth/', 'has_module_perms': True, 'models': [{'name': 'Grupos', 'object_name': 'Group', 'perms': {'add': True, 'change': True, 'delete': True, 'view': True}, 'view_only': False, 'admin_url': '/admin/auth/group/', 'add_url': '/admin/auth/group/add/'}, {'name': 'Usuarios', 'object_name': 'User', 'perms': {'add': True, 'change': True, 'delete': True, 'view': True}, 'view_only': False, 'admin_url': '/admin/auth/user/', 'add_url': '/admin/auth/user/add/'}]}, {'name': 'Cuentas', 'app_label': 'account', 'app_url': '/admin/account/', 'has_module_perms': True, 'models': [{'name': 'Correos electrónicos', 'object_name': 'EmailAddress', 'perms': {'add': True, 'change': True, 'delete': True, 'view': True}, 'view_only': False, 'admin_url': '/admin/account/emailaddress/', 'add_url': '/admin/account/emailaddress/add/'}]}, {'name': 'Cuentas Sociales', 'app_label': 'socialaccount', 'app_url': '/admin/socialaccount/', 'has_module_perms': True, 'models': [{'name': 'Social accounts', 'object_name': 'SocialAccount', 'perms': {'add': True, 'change': True, 'delete': True, 'view': True}, 'view_only': False, 'admin_url': '/admin/socialaccount/socialaccount/', 'add_url': '/admin/socialaccount/socialaccount/add/'}, {'name': 'Social application tokens', 'object_name': 'SocialToken', 'perms': {'add': True, 'change': True, 'delete': True, 'view': True}, 'view_only': False, 'admin_url': '/admin/socialaccount/socialtoken/', 'add_url': '/admin/socialaccount/socialtoken/add/'}, {'name': 'Social applications', 'object_name': 'SocialApp', 'perms': {'add': True, 'change': True, 'delete': True, 'view': True}, 'view_only': False, 'admin_url': '/admin/socialaccount/socialapp/', 'add_url': '/admin/socialaccount/socialapp/add/'}]}, {'name': 'Sitios', 'app_label': 'sites', 'app_url': '/admin/sites/', 'has_module_perms': True, 'models': [{'name': 'Sitios', 'object_name': 'Site', 'perms': {'add': True, 'change': True, 'delete': True, 'view': True}, 'view_only': False, 'admin_url': '/admin/sites/site/', 'add_url': '/admin/sites/site/add/'}]}], 'title': 'Sitio administrativo', 'app_list': [{'name': 'Autenticación y autorización', 'app_label': 'auth', 'app_url': '/admin/auth/', 'has_module_perms': True, 'models': [{'name': 'Grupos', 'object_name': 'Group', 'perms': {'add': True, 'change': True, 'delete': True, 'view': True}, 'view_only': False, 'admin_url': '/admin/auth/group/', 'add_url': '/admin/auth/group/add/'}, {'name': 'Usuarios', 'object_name': 'User', 'perms': {'add': True, 'change': True, 'delete': True, 'view': True}, 'view_only': False, 'admin_url': '/admin/auth/user/', 'add_url': '/admin/auth/user/add/'}]}, {'name': 'Cuentas', 'app_label': 'account', 'app_url': '/admin/account/', 'has_module_perms': True, 'models': [{'name': 'Correos electrónicos', 'object_name': 'EmailAddress', 'perms': {'add': True, 'change': True, 'delete': True, 'view': True}, 'view_only': False, 'admin_url': '/admin/account/emailaddress/', 'add_url': '/admin/account/emailaddress/add/'}]}, {'name': 'Cuentas Sociales', 'app_label': 'socialaccount', 'app_url': '/admin/socialaccount/', 'has_module_perms': True, 'models': [{'name': 'Social accounts', 'object_name': 'SocialAccount', 'perms': {'add': True, 'change': True, 'delete': True, 'view': True}, 'view_only': False, 'admin_url': '/admin/socialaccount/socialaccount/', 'add_url': '/admin/socialaccount/socialaccount/add/'}, {'name': 'Social application tokens', 'object_name': 'SocialToken', 'perms': {'add': True, 'change': True, 'delete': True, 'view': True}, 'view_only': False, 'admin_url': '/admin/socialaccount/socialtoken/', 'add_url': '/admin/socialaccount/socialtoken/add/'}, {'name': 'Social applications', 'object_name': 'SocialApp', 'perms': {'add': True, 'change': True, 'delete': True, 'view': True}, 'view_only': False, 'admin_url': '/admin/socialaccount/socialapp/', 'add_url': '/admin/socialaccount/socialapp/add/'}]}, {'name': 'Sitios', 'app_label': 'sites', 'app_url': '/admin/sites/', 'has_module_perms': True, 'models': [{'name': 'Sitios', 'object_name': 'Site', 'perms': {'add': True, 'change': True, 'delete': True, 'view': True}, 'view_only': False, 'admin_url': '/admin/sites/site/', 'add_url': '/admin/sites/site/add/'}]}], 'LANGUAGE_CODE': 'es', 'LANGUAGE_BIDI': False}]
[14/Aug/2018 17:44:22] DEBUG [django.template:872] Exception while resolving variable 'is_popup' in template 'admin/index.html'.
Traceback (most recent call last):
  File "C:\Users\asullom\.virtualenvs\nlotes_serve-u3riQcTX\lib\site-packages\django\template\base.py", line 829, in _resolve_lookup
    current = current[bit]
  File "C:\Users\asullom\.virtualenvs\nlotes_serve-u3riQcTX\lib\site-packages\django\template\context.py", line 83, in __getitem__
    raise KeyError(key)
KeyError: 'is_popup'

During handling of the above exception, another exception occurred:

Traceback (most recent call last):
  File "C:\Users\asullom\.virtualenvs\nlotes_serve-u3riQcTX\lib\site-packages\django\template\base.py", line 835, in _resolve_lookup
    if isinstance(current, BaseContext) and getattr(type(current), bit):
AttributeError: type object 'RequestContext' has no attribute 'is_popup'

During handling of the above exception, another exception occurred:

Traceback (most recent call last):
  File "C:\Users\asullom\.virtualenvs\nlotes_serve-u3riQcTX\lib\site-packages\django\template\base.py", line 843, in _resolve_lookup
    current = current[int(bit)]
ValueError: invalid literal for int() with base 10: 'is_popup'

During handling of the above exception, another exception occurred:

Traceback (most recent call last):
  File "C:\Users\asullom\.virtualenvs\nlotes_serve-u3riQcTX\lib\site-packages\django\template\base.py", line 850, in _resolve_lookup
    (bit, current))  # missing attribute
django.template.base.VariableDoesNotExist: Failed lookup for key [is_popup] in [{'True': True, 'False': False, 'None': None}, {'csrf_token': <SimpleLazyObject: 'ILdV28azLUVIptSdW9m7CJXNPo8a8eGhF6mTYPp5k7qv7X9DcahRWFlwBCQYRcSN'>, 'debug': True, 'sql_queries': <function debug.<locals>.<lambda> at 0x00000220DA654950>, 'request': <WSGIRequest: GET '/admin/'>, 'user': <SimpleLazyObject: <User: admin>>, 'perms': <django.contrib.auth.context_processors.PermWrapper object at 0x00000220DA655518>, 'messages': <django.contrib.messages.storage.fallback.FallbackStorage object at 0x00000220DA2A8C50>, 'DEFAULT_MESSAGE_LEVELS': {'DEBUG': 10, 'INFO': 20, 'SUCCESS': 25, 'WARNING': 30, 'ERROR': 40}, 'LANGUAGES': [('af', 'Afrikaans'), ('ar', 'Arabic'), ('ast', 'Asturian'), ('az', 'Azerbaijani'), ('bg', 'Bulgarian'), ('be', 'Belarusian'), ('bn', 'Bengali'), ('br', 'Breton'), ('bs', 'Bosnian'), ('ca', 'Catalan'), ('cs', 'Czech'), ('cy', 'Welsh'), ('da', 'Danish'), ('de', 'German'), ('dsb', 'Lower Sorbian'), ('el', 'Greek'), ('en', 'English'), ('en-au', 'Australian English'), ('en-gb', 'British English'), ('eo', 'Esperanto'), ('es', 'Spanish'), ('es-ar', 'Argentinian Spanish'), ('es-co', 'Colombian Spanish'), ('es-mx', 'Mexican Spanish'), ('es-ni', 'Nicaraguan Spanish'), ('es-ve', 'Venezuelan Spanish'), ('et', 'Estonian'), ('eu', 'Basque'), ('fa', 'Persian'), ('fi', 'Finnish'), ('fr', 'French'), ('fy', 'Frisian'), ('ga', 'Irish'), ('gd', 'Scottish Gaelic'), ('gl', 'Galician'), ('he', 'Hebrew'), ('hi', 'Hindi'), ('hr', 'Croatian'), ('hsb', 'Upper Sorbian'), ('hu', 'Hungarian'), ('ia', 'Interlingua'), ('id', 'Indonesian'), ('io', 'Ido'), ('is', 'Icelandic'), ('it', 'Italian'), ('ja', 'Japanese'), ('ka', 'Georgian'), ('kab', 'Kabyle'), ('kk', 'Kazakh'), ('km', 'Khmer'), ('kn', 'Kannada'), ('ko', 'Korean'), ('lb', 'Luxembourgish'), ('lt', 'Lithuanian'), ('lv', 'Latvian'), ('mk', 'Macedonian'), ('ml', 'Malayalam'), ('mn', 'Mongolian'), ('mr', 'Marathi'), ('my', 'Burmese'), ('nb', 'Norwegian Bokmål'), ('ne', 'Nepali'), ('nl', 'Dutch'), ('nn', 'Norwegian Nynorsk'), ('os', 'Ossetic'), ('pa', 'Punjabi'), ('pl', 'Polish'), ('pt', 'Portuguese'), ('pt-br', 'Brazilian Portuguese'), ('ro', 'Romanian'), ('ru', 'Russian'), ('sk', 'Slovak'), ('sl', 'Slovenian'), ('sq', 'Albanian'), ('sr', 'Serbian'), ('sr-latn', 'Serbian Latin'), ('sv', 'Swedish'), ('sw', 'Swahili'), ('ta', 'Tamil'), ('te', 'Telugu'), ('th', 'Thai'), ('tr', 'Turkish'), ('tt', 'Tatar'), ('udm', 'Udmurt'), ('uk', 'Ukrainian'), ('ur', 'Urdu'), ('vi', 'Vietnamese'), ('zh-hans', 'Simplified Chinese'), ('zh-hant', 'Traditional Chinese')], 'LANGUAGE_CODE': 'es', 'LANGUAGE_BIDI': False, 'MEDIA_URL': '', 'STATIC_URL': '/static/', 'TIME_ZONE': 'UTC'}, {}, {'site_title': 'Sitio de administración de Django', 'site_header': 'Administración de Django', 'site_url': '/', 'has_permission': True, 'available_apps': [{'name': 'Autenticación y autorización', 'app_label': 'auth', 'app_url': '/admin/auth/', 'has_module_perms': True, 'models': [{'name': 'Grupos', 'object_name': 'Group', 'perms': {'add': True, 'change': True, 'delete': True, 'view': True}, 'view_only': False, 'admin_url': '/admin/auth/group/', 'add_url': '/admin/auth/group/add/'}, {'name': 'Usuarios', 'object_name': 'User', 'perms': {'add': True, 'change': True, 'delete': True, 'view': True}, 'view_only': False, 'admin_url': '/admin/auth/user/', 'add_url': '/admin/auth/user/add/'}]}, {'name': 'Cuentas', 'app_label': 'account', 'app_url': '/admin/account/', 'has_module_perms': True, 'models': [{'name': 'Correos electrónicos', 'object_name': 'EmailAddress', 'perms': {'add': True, 'change': True, 'delete': True, 'view': True}, 'view_only': False, 'admin_url': '/admin/account/emailaddress/', 'add_url': '/admin/account/emailaddress/add/'}]}, {'name': 'Cuentas Sociales', 'app_label': 'socialaccount', 'app_url': '/admin/socialaccount/', 'has_module_perms': True, 'models': [{'name': 'Social accounts', 'object_name': 'SocialAccount', 'perms': {'add': True, 'change': True, 'delete': True, 'view': True}, 'view_only': False, 'admin_url': '/admin/socialaccount/socialaccount/', 'add_url': '/admin/socialaccount/socialaccount/add/'}, {'name': 'Social application tokens', 'object_name': 'SocialToken', 'perms': {'add': True, 'change': True, 'delete': True, 'view': True}, 'view_only': False, 'admin_url': '/admin/socialaccount/socialtoken/', 'add_url': '/admin/socialaccount/socialtoken/add/'}, {'name': 'Social applications', 'object_name': 'SocialApp', 'perms': {'add': True, 'change': True, 'delete': True, 'view': True}, 'view_only': False, 'admin_url': '/admin/socialaccount/socialapp/', 'add_url': '/admin/socialaccount/socialapp/add/'}]}, {'name': 'Sitios', 'app_label': 'sites', 'app_url': '/admin/sites/', 'has_module_perms': True, 'models': [{'name': 'Sitios', 'object_name': 'Site', 'perms': {'add': True, 'change': True, 'delete': True, 'view': True}, 'view_only': False, 'admin_url': '/admin/sites/site/', 'add_url': '/admin/sites/site/add/'}]}], 'title': 'Sitio administrativo', 'app_list': [{'name': 'Autenticación y autorización', 'app_label': 'auth', 'app_url': '/admin/auth/', 'has_module_perms': True, 'models': [{'name': 'Grupos', 'object_name': 'Group', 'perms': {'add': True, 'change': True, 'delete': True, 'view': True}, 'view_only': False, 'admin_url': '/admin/auth/group/', 'add_url': '/admin/auth/group/add/'}, {'name': 'Usuarios', 'object_name': 'User', 'perms': {'add': True, 'change': True, 'delete': True, 'view': True}, 'view_only': False, 'admin_url': '/admin/auth/user/', 'add_url': '/admin/auth/user/add/'}]}, {'name': 'Cuentas', 'app_label': 'account', 'app_url': '/admin/account/', 'has_module_perms': True, 'models': [{'name': 'Correos electrónicos', 'object_name': 'EmailAddress', 'perms': {'add': True, 'change': True, 'delete': True, 'view': True}, 'view_only': False, 'admin_url': '/admin/account/emailaddress/', 'add_url': '/admin/account/emailaddress/add/'}]}, {'name': 'Cuentas Sociales', 'app_label': 'socialaccount', 'app_url': '/admin/socialaccount/', 'has_module_perms': True, 'models': [{'name': 'Social accounts', 'object_name': 'SocialAccount', 'perms': {'add': True, 'change': True, 'delete': True, 'view': True}, 'view_only': False, 'admin_url': '/admin/socialaccount/socialaccount/', 'add_url': '/admin/socialaccount/socialaccount/add/'}, {'name': 'Social application tokens', 'object_name': 'SocialToken', 'perms': {'add': True, 'change': True, 'delete': True, 'view': True}, 'view_only': False, 'admin_url': '/admin/socialaccount/socialtoken/', 'add_url': '/admin/socialaccount/socialtoken/add/'}, {'name': 'Social applications', 'object_name': 'SocialApp', 'perms': {'add': True, 'change': True, 'delete': True, 'view': True}, 'view_only': False, 'admin_url': '/admin/socialaccount/socialapp/', 'add_url': '/admin/socialaccount/socialapp/add/'}]}, {'name': 'Sitios', 'app_label': 'sites', 'app_url': '/admin/sites/', 'has_module_perms': True, 'models': [{'name': 'Sitios', 'object_name': 'Site', 'perms': {'add': True, 'change': True, 'delete': True, 'view': True}, 'view_only': False, 'admin_url': '/admin/sites/site/', 'add_url': '/admin/sites/site/add/'}]}], 'LANGUAGE_CODE': 'es', 'LANGUAGE_BIDI': False}]
[14/Aug/2018 17:44:22] DEBUG [django.db.backends:111] (0.000) SELECT "django_admin_log"."id", "django_admin_log"."action_time", "django_admin_log"."user_id", "django_admin_log"."content_type_id", "django_admin_log"."object_id", "django_admin_log"."object_repr", "django_admin_log"."action_flag", "django_admin_log"."change_message", "auth_user"."id", "auth_user"."password", "auth_user"."last_login", "auth_user"."is_superuser", "auth_user"."username", "auth_user"."first_name", "auth_user"."last_name", "auth_user"."email", "auth_user"."is_staff", "auth_user"."is_active", "auth_user"."date_joined", "django_content_type"."id", "django_content_type"."app_label", "django_content_type"."model" FROM "django_admin_log" INNER JOIN "auth_user" ON ("django_admin_log"."user_id" = "auth_user"."id") LEFT OUTER JOIN "django_content_type" ON ("django_admin_log"."content_type_id" = "django_content_type"."id") WHERE "django_admin_log"."user_id" = 1 ORDER BY "django_admin_log"."action_time" DESC  LIMIT 10; args=(1,)
[14/Aug/2018 17:44:22] INFO [django.server:124] "GET /admin/ HTTP/1.1" 200 16677
[14/Aug/2018 17:44:22] INFO [django.server:124] "GET /static/admin/css/base.css HTTP/1.1" 304 0
[14/Aug/2018 17:44:22] INFO [django.server:124] "GET /static/admin/css/dashboard.css HTTP/1.1" 304 0
[14/Aug/2018 17:44:23] INFO [django.server:124] "GET /static/debug_toolbar/css/toolbar.css HTTP/1.1" 304 0
[14/Aug/2018 17:44:23] INFO [django.server:124] "GET /static/admin/css/responsive.css HTTP/1.1" 304 0
[14/Aug/2018 17:44:23] INFO [django.server:124] "GET /static/admin/css/fonts.css HTTP/1.1" 304 0
[14/Aug/2018 17:44:23] INFO [django.server:124] "GET /static/debug_toolbar/js/jquery_pre.js HTTP/1.1" 304 0
[14/Aug/2018 17:44:23] INFO [django.server:124] "GET /static/debug_toolbar/js/jquery_post.js HTTP/1.1" 304 0
[14/Aug/2018 17:44:23] INFO [django.server:124] "GET /static/debug_toolbar/js/toolbar.js HTTP/1.1" 304 0
[14/Aug/2018 17:44:23] INFO [django.server:124] "GET /static/debug_toolbar/img/ajax-loader.gif HTTP/1.1" 304 0
[14/Aug/2018 17:44:23] INFO [django.server:124] "GET /static/admin/img/icon-addlink.svg HTTP/1.1" 304 0
[14/Aug/2018 17:44:23] INFO [django.server:124] "GET /static/admin/img/icon-deletelink.svg HTTP/1.1" 304 0
[14/Aug/2018 17:44:23] INFO [django.server:124] "GET /static/admin/img/icon-changelink.svg HTTP/1.1" 304 0
[14/Aug/2018 17:44:23] INFO [django.server:124] "GET /static/debug_toolbar/css/print.css HTTP/1.1" 304 0
[14/Aug/2018 17:44:23] INFO [django.server:124] "GET /static/admin/fonts/Roboto-Light-webfont.woff HTTP/1.1" 304 0
[14/Aug/2018 17:44:23] INFO [django.server:124] "GET /static/admin/fonts/Roboto-Regular-webfont.woff HTTP/1.1" 304 0
[14/Aug/2018 17:44:23] INFO [django.server:124] "GET /static/admin/fonts/Roboto-Bold-webfont.woff HTTP/1.1" 304 0
