[14/Aug/2018 17:44:17] DEBUG [django.db.backends:111] (0.000) 
            SELECT name, type FROM sqlite_master
            WHERE type in ('table', 'view') AND NOT name='sqlite_sequence'
            ORDER BY name; args=None
[14/Aug/2018 17:44:17] DEBUG [django.db.backends:111] (0.000) SELECT "django_migrations"."app", "django_migrations"."name" FROM "django_migrations"; args=()
[14/Aug/2018 17:44:22] DEBUG [django.db.backends:111] (0.001) SELECT "django_session"."session_key", "django_session"."session_data", "django_session"."expire_date" FROM "django_session" WHERE ("django_session"."expire_date" > '2018-08-14 22:44:22.579314' AND "django_session"."session_key" = 'aeguoexapmkw5836sh5aqoy84dqn2od9'); args=('2018-08-14 22:44:22.579314', 'aeguoexapmkw5836sh5aqoy84dqn2od9')
[14/Aug/2018 17:44:22] DEBUG [django.db.backends:111] (0.000) SELECT "auth_user"."id", "auth_user"."password", "auth_user"."last_login", "auth_user"."is_superuser", "auth_user"."username", "auth_user"."first_name", "auth_user"."last_name", "auth_user"."email", "auth_user"."is_staff", "auth_user"."is_active", "auth_user"."date_joined" FROM "auth_user" WHERE "auth_user"."id" = 1; args=(1,)
[14/Aug/2018 17:44:22] DEBUG [django.template:872] Exception while resolving variable 'is_popup' in template 'admin/index.html'.
Traceback (most recent call last):
  File "C:\Users\asullom\.virtualenvs\nlotes_serve-u3riQcTX\lib\site-packages\django\template\base.py", line 829, in _resolve_lookup
    current = current[bit]
  File "C:\Users\asullom\.virtualenvs\nlotes_serve-u3riQcTX\lib\site-packages\django\template\context.py", line 83, in __getitem__
    raise KeyError(key)
KeyError: 'is_popup'

During handling of the above exception, another exception occurred:

Traceback (most recent call last):
  File "C:\Users\asullom\.virtualenvs\nlotes_serve-u3riQcTX\lib\site-packages\django\template\base.py", line 835, in _resolve_lookup
    if isinstance(current, BaseContext) and getattr(type(current), bit):
AttributeError: type object 'RequestContext' has no attribute 'is_popup'

During handling of the above exception, another exception occurred:

Traceback (most recent call last):
  File "C:\Users\asullom\.virtualenvs\nlotes_serve-u3riQcTX\lib\site-packages\django\template\base.py", line 843, in _resolve_lookup
    current = current[int(bit)]
ValueError: invalid literal for int() with base 10: 'is_popup'

During handling of the above exception, another exception occurred:

Traceback (most recent call last):
  File "C:\Users\asullom\.virtualenvs\nlotes_serve-u3riQcTX\lib\site-packages\django\template\base.py", line 850, in _resolve_lookup
    (bit, current))  # missing attribute
django.template.base.VariableDoesNotExist: Failed lookup for key [is_popup] in [{'True': True, 'False': False, 'None': None}, {'csrf_token': <SimpleLazyObject: 'ILdV28azLUVIptSdW9m7CJXNPo8a8eGhF6mTYPp5k7qv7X9DcahRWFlwBCQYRcSN'>, 'debug': True, 'sql_queries': <function debug.<locals>.<lambda> at 0x00000220DA654950>, 'request': <WSGIRequest: GET '/admin/'>, 'user': <SimpleLazyObject: <User: admin>>, 'perms': <django.contrib.auth.context_processors.PermWrapper object at 0x00000220DA655518>, 'messages': <django.contrib.messages.storage.fallback.FallbackStorage object at 0x00000220DA2A8C50>, 'DEFAULT_MESSAGE_LEVELS': {'DEBUG': 10, 'INFO': 20, 'SUCCESS': 25, 'WARNING': 30, 'ERROR': 40}, 'LANGUAGES': [('af', 'Afrikaans'), ('ar', 'Arabic'), ('ast', 'Asturian'), ('az', 'Azerbaijani'), ('bg', 'Bulgarian'), ('be', 'Belarusian'), ('bn', 'Bengali'), ('br', 'Breton'), ('bs', 'Bosnian'), ('ca', 'Catalan'), ('cs', 'Czech'), ('cy', 'Welsh'), ('da', 'Danish'), ('de', 'German'), ('dsb', 'Lower Sorbian'), ('el', 'Greek'), ('en', 'English'), ('en-au', 'Australian English'), ('en-gb', 'British English'), ('eo', 'Esperanto'), ('es', 'Spanish'), ('es-ar', 'Argentinian Spanish'), ('es-co', 'Colombian Spanish'), ('es-mx', 'Mexican Spanish'), ('es-ni', 'Nicaraguan Spanish'), ('es-ve', 'Venezuelan Spanish'), ('et', 'Estonian'), ('eu', 'Basque'), ('fa', 'Persian'), ('fi', 'Finnish'), ('fr', 'French'), ('fy', 'Frisian'), ('ga', 'Irish'), ('gd', 'Scottish Gaelic'), ('gl', 'Galician'), ('he', 'Hebrew'), ('hi', 'Hindi'), ('hr', 'Croatian'), ('hsb', 'Upper Sorbian'), ('hu', 'Hungarian'), ('ia', 'Interlingua'), ('id', 'Indonesian'), ('io', 'Ido'), ('is', 'Icelandic'), ('it', 'Italian'), ('ja', 'Japanese'), ('ka', 'Georgian'), ('kab', 'Kabyle'), ('kk', 'Kazakh'), ('km', 'Khmer'), ('kn', 'Kannada'), ('ko', 'Korean'), ('lb', 'Luxembourgish'), ('lt', 'Lithuanian'), ('lv', 'Latvian'), ('mk', 'Macedonian'), ('ml', 'Malayalam'), ('mn', 'Mongolian'), ('mr', 'Marathi'), ('my', 'Burmese'), ('nb', 'Norwegian Bokmål'), ('ne', 'Nepali'), ('nl', 'Dutch'), ('nn', 'Norwegian Nynorsk'), ('os', 'Ossetic'), ('pa', 'Punjabi'), ('pl', 'Polish'), ('pt', 'Portuguese'), ('pt-br', 'Brazilian Portuguese'), ('ro', 'Romanian'), ('ru', 'Russian'), ('sk', 'Slovak'), ('sl', 'Slovenian'), ('sq', 'Albanian'), ('sr', 'Serbian'), ('sr-latn', 'Serbian Latin'), ('sv', 'Swedish'), ('sw', 'Swahili'), ('ta', 'Tamil'), ('te', 'Telugu'), ('th', 'Thai'), ('tr', 'Turkish'), ('tt', 'Tatar'), ('udm', 'Udmurt'), ('uk', 'Ukrainian'), ('ur', 'Urdu'), ('vi', 'Vietnamese'), ('zh-hans', 'Simplified Chinese'), ('zh-hant', 'Traditional Chinese')], 'LANGUAGE_CODE': 'es', 'LANGUAGE_BIDI': False, 'MEDIA_URL': '', 'STATIC_URL': '/static/', 'TIME_ZONE': 'UTC'}, {}, {'site_title': 'Sitio de administración de Django', 'site_header': 'Administración de Django', 'site_url': '/', 'has_permission': True, 'available_apps': [{'name': 'Autenticación y autorización', 'app_label': 'auth', 'app_url': '/admin/auth/', 'has_module_perms': True, 'models': [{'name': 'Grupos', 'object_name': 'Group', 'perms': {'add': True, 'change': True, 'delete': True, 'view': True}, 'view_only': False, 'admin_url': '/admin/auth/group/', 'add_url': '/admin/auth/group/add/'}, {'name': 'Usuarios', 'object_name': 'User', 'perms': {'add': True, 'change': True, 'delete': True, 'view': True}, 'view_only': False, 'admin_url': '/admin/auth/user/', 'add_url': '/admin/auth/user/add/'}]}, {'name': 'Cuentas', 'app_label': 'account', 'app_url': '/admin/account/', 'has_module_perms': True, 'models': [{'name': 'Correos electrónicos', 'object_name': 'EmailAddress', 'perms': {'add': True, 'change': True, 'delete': True, 'view': True}, 'view_only': False, 'admin_url': '/admin/account/emailaddress/', 'add_url': '/admin/account/emailaddress/add/'}]}, {'name': 'Cuentas Sociales', 'app_label': 'socialaccount', 'app_url': '/admin/socialaccount/', 'has_module_perms': True, 'models': [{'name': 'Social accounts', 'object_name': 'SocialAccount', 'perms': {'add': True, 'change': True, 'delete': True, 'view': True}, 'view_only': False, 'admin_url': '/admin/socialaccount/socialaccount/', 'add_url': '/admin/socialaccount/socialaccount/add/'}, {'name': 'Social application tokens', 'object_name': 'SocialToken', 'perms': {'add': True, 'change': True, 'delete': True, 'view': True}, 'view_only': False, 'admin_url': '/admin/socialaccount/socialtoken/', 'add_url': '/admin/socialaccount/socialtoken/add/'}, {'name': 'Social applications', 'object_name': 'SocialApp', 'perms': {'add': True, 'change': True, 'delete': True, 'view': True}, 'view_only': False, 'admin_url': '/admin/socialaccount/socialapp/', 'add_url': '/admin/socialaccount/socialapp/add/'}]}, {'name': 'Sitios', 'app_label': 'sites', 'app_url': '/admin/sites/', 'has_module_perms': True, 'models': [{'name': 'Sitios', 'object_name': 'Site', 'perms': {'add': True, 'change': True, 'delete': True, 'view': True}, 'view_only': False, 'admin_url': '/admin/sites/site/', 'add_url': '/admin/sites/site/add/'}]}], 'title': 'Sitio administrativo', 'app_list': [{'name': 'Autenticación y autorización', 'app_label': 'auth', 'app_url': '/admin/auth/', 'has_module_perms': True, 'models': [{'name': 'Grupos', 'object_name': 'Group', 'perms': {'add': True, 'change': True, 'delete': True, 'view': True}, 'view_only': False, 'admin_url': '/admin/auth/group/', 'add_url': '/admin/auth/group/add/'}, {'name': 'Usuarios', 'object_name': 'User', 'perms': {'add': True, 'change': True, 'delete': True, 'view': True}, 'view_only': False, 'admin_url': '/admin/auth/user/', 'add_url': '/admin/auth/user/add/'}]}, {'name': 'Cuentas', 'app_label': 'account', 'app_url': '/admin/account/', 'has_module_perms': True, 'models': [{'name': 'Correos electrónicos', 'object_name': 'EmailAddress', 'perms': {'add': True, 'change': True, 'delete': True, 'view': True}, 'view_only': False, 'admin_url': '/admin/account/emailaddress/', 'add_url': '/admin/account/emailaddress/add/'}]}, {'name': 'Cuentas Sociales', 'app_label': 'socialaccount', 'app_url': '/admin/socialaccount/', 'has_module_perms': True, 'models': [{'name': 'Social accounts', 'object_name': 'SocialAccount', 'perms': {'add': True, 'change': True, 'delete': True, 'view': True}, 'view_only': False, 'admin_url': '/admin/socialaccount/socialaccount/', 'add_url': '/admin/socialaccount/socialaccount/add/'}, {'name': 'Social application tokens', 'object_name': 'SocialToken', 'perms': {'add': True, 'change': True, 'delete': True, 'view': True}, 'view_only': False, 'admin_url': '/admin/socialaccount/socialtoken/', 'add_url': '/admin/socialaccount/socialtoken/add/'}, {'name': 'Social applications', 'object_name': 'SocialApp', 'perms': {'add': True, 'change': True, 'delete': True, 'view': True}, 'view_only': False, 'admin_url': '/admin/socialaccount/socialapp/', 'add_url': '/admin/socialaccount/socialapp/add/'}]}, {'name': 'Sitios', 'app_label': 'sites', 'app_url': '/admin/sites/', 'has_module_perms': True, 'models': [{'name': 'Sitios', 'object_name': 'Site', 'perms': {'add': True, 'change': True, 'delete': True, 'view': True}, 'view_only': False, 'admin_url': '/admin/sites/site/', 'add_url': '/admin/sites/site/add/'}]}], 'LANGUAGE_CODE': 'es', 'LANGUAGE_BIDI': False}]
[14/Aug/2018 17:44:22] DEBUG [django.template:872] Exception while resolving variable 'is_popup' in template 'admin/index.html'.
Traceback (most recent call last):
  File "C:\Users\asullom\.virtualenvs\nlotes_serve-u3riQcTX\lib\site-packages\django\template\base.py", line 829, in _resolve_lookup
    current = current[bit]
  File "C:\Users\asullom\.virtualenvs\nlotes_serve-u3riQcTX\lib\site-packages\django\template\context.py", line 83, in __getitem__
    raise KeyError(key)
KeyError: 'is_popup'

During handling of the above exception, another exception occurred:

Traceback (most recent call last):
  File "C:\Users\asullom\.virtualenvs\nlotes_serve-u3riQcTX\lib\site-packages\django\template\base.py", line 835, in _resolve_lookup
    if isinstance(current, BaseContext) and getattr(type(current), bit):
AttributeError: type object 'RequestContext' has no attribute 'is_popup'

During handling of the above exception, another exception occurred:

Traceback (most recent call last):
  File "C:\Users\asullom\.virtualenvs\nlotes_serve-u3riQcTX\lib\site-packages\django\template\base.py", line 843, in _resolve_lookup
    current = current[int(bit)]
ValueError: invalid literal for int() with base 10: 'is_popup'

During handling of the above exception, another exception occurred:

Traceback (most recent call last):
  File "C:\Users\asullom\.virtualenvs\nlotes_serve-u3riQcTX\lib\site-packages\django\template\base.py", line 850, in _resolve_lookup
    (bit, current))  # missing attribute
django.template.base.VariableDoesNotExist: Failed lookup for key [is_popup] in [{'True': True, 'False': False, 'None': None}, {'csrf_token': <SimpleLazyObject: 'ILdV28azLUVIptSdW9m7CJXNPo8a8eGhF6mTYPp5k7qv7X9DcahRWFlwBCQYRcSN'>, 'debug': True, 'sql_queries': <function debug.<locals>.<lambda> at 0x00000220DA654950>, 'request': <WSGIRequest: GET '/admin/'>, 'user': <SimpleLazyObject: <User: admin>>, 'perms': <django.contrib.auth.context_processors.PermWrapper object at 0x00000220DA655518>, 'messages': <django.contrib.messages.storage.fallback.FallbackStorage object at 0x00000220DA2A8C50>, 'DEFAULT_MESSAGE_LEVELS': {'DEBUG': 10, 'INFO': 20, 'SUCCESS': 25, 'WARNING': 30, 'ERROR': 40}, 'LANGUAGES': [('af', 'Afrikaans'), ('ar', 'Arabic'), ('ast', 'Asturian'), ('az', 'Azerbaijani'), ('bg', 'Bulgarian'), ('be', 'Belarusian'), ('bn', 'Bengali'), ('br', 'Breton'), ('bs', 'Bosnian'), ('ca', 'Catalan'), ('cs', 'Czech'), ('cy', 'Welsh'), ('da', 'Danish'), ('de', 'German'), ('dsb', 'Lower Sorbian'), ('el', 'Greek'), ('en', 'English'), ('en-au', 'Australian English'), ('en-gb', 'British English'), ('eo', 'Esperanto'), ('es', 'Spanish'), ('es-ar', 'Argentinian Spanish'), ('es-co', 'Colombian Spanish'), ('es-mx', 'Mexican Spanish'), ('es-ni', 'Nicaraguan Spanish'), ('es-ve', 'Venezuelan Spanish'), ('et', 'Estonian'), ('eu', 'Basque'), ('fa', 'Persian'), ('fi', 'Finnish'), ('fr', 'French'), ('fy', 'Frisian'), ('ga', 'Irish'), ('gd', 'Scottish Gaelic'), ('gl', 'Galician'), ('he', 'Hebrew'), ('hi', 'Hindi'), ('hr', 'Croatian'), ('hsb', 'Upper Sorbian'), ('hu', 'Hungarian'), ('ia', 'Interlingua'), ('id', 'Indonesian'), ('io', 'Ido'), ('is', 'Icelandic'), ('it', 'Italian'), ('ja', 'Japanese'), ('ka', 'Georgian'), ('kab', 'Kabyle'), ('kk', 'Kazakh'), ('km', 'Khmer'), ('kn', 'Kannada'), ('ko', 'Korean'), ('lb', 'Luxembourgish'), ('lt', 'Lithuanian'), ('lv', 'Latvian'), ('mk', 'Macedonian'), ('ml', 'Malayalam'), ('mn', 'Mongolian'), ('mr', 'Marathi'), ('my', 'Burmese'), ('nb', 'Norwegian Bokmål'), ('ne', 'Nepali'), ('nl', 'Dutch'), ('nn', 'Norwegian Nynorsk'), ('os', 'Ossetic'), ('pa', 'Punjabi'), ('pl', 'Polish'), ('pt', 'Portuguese'), ('pt-br', 'Brazilian Portuguese'), ('ro', 'Romanian'), ('ru', 'Russian'), ('sk', 'Slovak'), ('sl', 'Slovenian'), ('sq', 'Albanian'), ('sr', 'Serbian'), ('sr-latn', 'Serbian Latin'), ('sv', 'Swedish'), ('sw', 'Swahili'), ('ta', 'Tamil'), ('te', 'Telugu'), ('th', 'Thai'), ('tr', 'Turkish'), ('tt', 'Tatar'), ('udm', 'Udmurt'), ('uk', 'Ukrainian'), ('ur', 'Urdu'), ('vi', 'Vietnamese'), ('zh-hans', 'Simplified Chinese'), ('zh-hant', 'Traditional Chinese')], 'LANGUAGE_CODE': 'es', 'LANGUAGE_BIDI': False, 'MEDIA_URL': '', 'STATIC_URL': '/static/', 'TIME_ZONE': 'UTC'}, {}, {'site_title': 'Sitio de administración de Django', 'site_header': 'Administración de Django', 'site_url': '/', 'has_permission': True, 'available_apps': [{'name': 'Autenticación y autorización', 'app_label': 'auth', 'app_url': '/admin/auth/', 'has_module_perms': True, 'models': [{'name': 'Grupos', 'object_name': 'Group', 'perms': {'add': True, 'change': True, 'delete': True, 'view': True}, 'view_only': False, 'admin_url': '/admin/auth/group/', 'add_url': '/admin/auth/group/add/'}, {'name': 'Usuarios', 'object_name': 'User', 'perms': {'add': True, 'change': True, 'delete': True, 'view': True}, 'view_only': False, 'admin_url': '/admin/auth/user/', 'add_url': '/admin/auth/user/add/'}]}, {'name': 'Cuentas', 'app_label': 'account', 'app_url': '/admin/account/', 'has_module_perms': True, 'models': [{'name': 'Correos electrónicos', 'object_name': 'EmailAddress', 'perms': {'add': True, 'change': True, 'delete': True, 'view': True}, 'view_only': False, 'admin_url': '/admin/account/emailaddress/', 'add_url': '/admin/account/emailaddress/add/'}]}, {'name': 'Cuentas Sociales', 'app_label': 'socialaccount', 'app_url': '/admin/socialaccount/', 'has_module_perms': True, 'models': [{'name': 'Social accounts', 'object_name': 'SocialAccount', 'perms': {'add': True, 'change': True, 'delete': True, 'view': True}, 'view_only': False, 'admin_url': '/admin/socialaccount/socialaccount/', 'add_url': '/admin/socialaccount/socialaccount/add/'}, {'name': 'Social application tokens', 'object_name': 'SocialToken', 'perms': {'add': True, 'change': True, 'delete': True, 'view': True}, 'view_only': False, 'admin_url': '/admin/socialaccount/socialtoken/', 'add_url': '/admin/socialaccount/socialtoken/add/'}, {'name': 'Social applications', 'object_name': 'SocialApp', 'perms': {'add': True, 'change': True, 'delete': True, 'view': True}, 'view_only': False, 'admin_url': '/admin/socialaccount/socialapp/', 'add_url': '/admin/socialaccount/socialapp/add/'}]}, {'name': 'Sitios', 'app_label': 'sites', 'app_url': '/admin/sites/', 'has_module_perms': True, 'models': [{'name': 'Sitios', 'object_name': 'Site', 'perms': {'add': True, 'change': True, 'delete': True, 'view': True}, 'view_only': False, 'admin_url': '/admin/sites/site/', 'add_url': '/admin/sites/site/add/'}]}], 'title': 'Sitio administrativo', 'app_list': [{'name': 'Autenticación y autorización', 'app_label': 'auth', 'app_url': '/admin/auth/', 'has_module_perms': True, 'models': [{'name': 'Grupos', 'object_name': 'Group', 'perms': {'add': True, 'change': True, 'delete': True, 'view': True}, 'view_only': False, 'admin_url': '/admin/auth/group/', 'add_url': '/admin/auth/group/add/'}, {'name': 'Usuarios', 'object_name': 'User', 'perms': {'add': True, 'change': True, 'delete': True, 'view': True}, 'view_only': False, 'admin_url': '/admin/auth/user/', 'add_url': '/admin/auth/user/add/'}]}, {'name': 'Cuentas', 'app_label': 'account', 'app_url': '/admin/account/', 'has_module_perms': True, 'models': [{'name': 'Correos electrónicos', 'object_name': 'EmailAddress', 'perms': {'add': True, 'change': True, 'delete': True, 'view': True}, 'view_only': False, 'admin_url': '/admin/account/emailaddress/', 'add_url': '/admin/account/emailaddress/add/'}]}, {'name': 'Cuentas Sociales', 'app_label': 'socialaccount', 'app_url': '/admin/socialaccount/', 'has_module_perms': True, 'models': [{'name': 'Social accounts', 'object_name': 'SocialAccount', 'perms': {'add': True, 'change': True, 'delete': True, 'view': True}, 'view_only': False, 'admin_url': '/admin/socialaccount/socialaccount/', 'add_url': '/admin/socialaccount/socialaccount/add/'}, {'name': 'Social application tokens', 'object_name': 'SocialToken', 'perms': {'add': True, 'change': True, 'delete': True, 'view': True}, 'view_only': False, 'admin_url': '/admin/socialaccount/socialtoken/', 'add_url': '/admin/socialaccount/socialtoken/add/'}, {'name': 'Social applications', 'object_name': 'SocialApp', 'perms': {'add': True, 'change': True, 'delete': True, 'view': True}, 'view_only': False, 'admin_url': '/admin/socialaccount/socialapp/', 'add_url': '/admin/socialaccount/socialapp/add/'}]}, {'name': 'Sitios', 'app_label': 'sites', 'app_url': '/admin/sites/', 'has_module_perms': True, 'models': [{'name': 'Sitios', 'object_name': 'Site', 'perms': {'add': True, 'change': True, 'delete': True, 'view': True}, 'view_only': False, 'admin_url': '/admin/sites/site/', 'add_url': '/admin/sites/site/add/'}]}], 'LANGUAGE_CODE': 'es', 'LANGUAGE_BIDI': False}]
[14/Aug/2018 17:44:22] DEBUG [django.db.backends:111] (0.000) SELECT "django_admin_log"."id", "django_admin_log"."action_time", "django_admin_log"."user_id", "django_admin_log"."content_type_id", "django_admin_log"."object_id", "django_admin_log"."object_repr", "django_admin_log"."action_flag", "django_admin_log"."change_message", "auth_user"."id", "auth_user"."password", "auth_user"."last_login", "auth_user"."is_superuser", "auth_user"."username", "auth_user"."first_name", "auth_user"."last_name", "auth_user"."email", "auth_user"."is_staff", "auth_user"."is_active", "auth_user"."date_joined", "django_content_type"."id", "django_content_type"."app_label", "django_content_type"."model" FROM "django_admin_log" INNER JOIN "auth_user" ON ("django_admin_log"."user_id" = "auth_user"."id") LEFT OUTER JOIN "django_content_type" ON ("django_admin_log"."content_type_id" = "django_content_type"."id") WHERE "django_admin_log"."user_id" = 1 ORDER BY "django_admin_log"."action_time" DESC  LIMIT 10; args=(1,)
[14/Aug/2018 17:44:22] INFO [django.server:124] "GET /admin/ HTTP/1.1" 200 16677
[14/Aug/2018 17:44:22] INFO [django.server:124] "GET /static/admin/css/base.css HTTP/1.1" 304 0
[14/Aug/2018 17:44:22] INFO [django.server:124] "GET /static/admin/css/dashboard.css HTTP/1.1" 304 0
[14/Aug/2018 17:44:23] INFO [django.server:124] "GET /static/debug_toolbar/css/toolbar.css HTTP/1.1" 304 0
[14/Aug/2018 17:44:23] INFO [django.server:124] "GET /static/admin/css/responsive.css HTTP/1.1" 304 0
[14/Aug/2018 17:44:23] INFO [django.server:124] "GET /static/admin/css/fonts.css HTTP/1.1" 304 0
[14/Aug/2018 17:44:23] INFO [django.server:124] "GET /static/debug_toolbar/js/jquery_pre.js HTTP/1.1" 304 0
[14/Aug/2018 17:44:23] INFO [django.server:124] "GET /static/debug_toolbar/js/jquery_post.js HTTP/1.1" 304 0
[14/Aug/2018 17:44:23] INFO [django.server:124] "GET /static/debug_toolbar/js/toolbar.js HTTP/1.1" 304 0
[14/Aug/2018 17:44:23] INFO [django.server:124] "GET /static/debug_toolbar/img/ajax-loader.gif HTTP/1.1" 304 0
[14/Aug/2018 17:44:23] INFO [django.server:124] "GET /static/admin/img/icon-addlink.svg HTTP/1.1" 304 0
[14/Aug/2018 17:44:23] INFO [django.server:124] "GET /static/admin/img/icon-deletelink.svg HTTP/1.1" 304 0
[14/Aug/2018 17:44:23] INFO [django.server:124] "GET /static/admin/img/icon-changelink.svg HTTP/1.1" 304 0
[14/Aug/2018 17:44:23] INFO [django.server:124] "GET /static/debug_toolbar/css/print.css HTTP/1.1" 304 0
[14/Aug/2018 17:44:23] INFO [django.server:124] "GET /static/admin/fonts/Roboto-Light-webfont.woff HTTP/1.1" 304 0
[14/Aug/2018 17:44:23] INFO [django.server:124] "GET /static/admin/fonts/Roboto-Regular-webfont.woff HTTP/1.1" 304 0
[14/Aug/2018 17:44:23] INFO [django.server:124] "GET /static/admin/fonts/Roboto-Bold-webfont.woff HTTP/1.1" 304 0
[14/Aug/2018 17:58:07] DEBUG [django.db.backends:111] (0.125) 
            SELECT c.relname, c.relkind
            FROM pg_catalog.pg_class c
            LEFT JOIN pg_catalog.pg_namespace n ON n.oid = c.relnamespace
            WHERE c.relkind IN ('r', 'v')
                AND n.nspname NOT IN ('pg_catalog', 'pg_toast')
                AND pg_catalog.pg_table_is_visible(c.oid); args=None
[14/Aug/2018 17:58:07] DEBUG [django.db.backends:111] (0.114) 
            SELECT c.relname, c.relkind
            FROM pg_catalog.pg_class c
            LEFT JOIN pg_catalog.pg_namespace n ON n.oid = c.relnamespace
            WHERE c.relkind IN ('r', 'v')
                AND n.nspname NOT IN ('pg_catalog', 'pg_toast')
                AND pg_catalog.pg_table_is_visible(c.oid); args=None
[14/Aug/2018 17:58:07] DEBUG [django.db.backends:111] (0.125) 
            SELECT c.relname, c.relkind
            FROM pg_catalog.pg_class c
            LEFT JOIN pg_catalog.pg_namespace n ON n.oid = c.relnamespace
            WHERE c.relkind IN ('r', 'v')
                AND n.nspname NOT IN ('pg_catalog', 'pg_toast')
                AND pg_catalog.pg_table_is_visible(c.oid); args=None
[14/Aug/2018 17:58:07] DEBUG [django.db.backends.schema:124] CREATE TABLE "django_migrations" ("id" serial NOT NULL PRIMARY KEY, "app" varchar(255) NOT NULL, "name" varchar(255) NOT NULL, "applied" timestamp with time zone NOT NULL); (params None)
[14/Aug/2018 17:58:07] DEBUG [django.db.backends:111] (0.233) CREATE TABLE "django_migrations" ("id" serial NOT NULL PRIMARY KEY, "app" varchar(255) NOT NULL, "name" varchar(255) NOT NULL, "applied" timestamp with time zone NOT NULL); args=None
[14/Aug/2018 17:58:07] DEBUG [django.db.backends.schema:124] CREATE TABLE "django_content_type" ("id" serial NOT NULL PRIMARY KEY, "name" varchar(100) NOT NULL, "app_label" varchar(100) NOT NULL, "model" varchar(100) NOT NULL); (params None)
[14/Aug/2018 17:58:08] DEBUG [django.db.backends:111] (0.234) CREATE TABLE "django_content_type" ("id" serial NOT NULL PRIMARY KEY, "name" varchar(100) NOT NULL, "app_label" varchar(100) NOT NULL, "model" varchar(100) NOT NULL); args=None
[14/Aug/2018 17:58:08] DEBUG [django.db.backends.schema:124] ALTER TABLE "django_content_type" ADD CONSTRAINT django_content_type_app_label_model_76bd3d3b_uniq UNIQUE ("app_label", "model"); (params ())
[14/Aug/2018 17:58:08] DEBUG [django.db.backends:111] (0.109) ALTER TABLE "django_content_type" ADD CONSTRAINT django_content_type_app_label_model_76bd3d3b_uniq UNIQUE ("app_label", "model"); args=()
[14/Aug/2018 17:58:08] DEBUG [django.db.backends:111] (0.125) 
            SELECT c.relname, c.relkind
            FROM pg_catalog.pg_class c
            LEFT JOIN pg_catalog.pg_namespace n ON n.oid = c.relnamespace
            WHERE c.relkind IN ('r', 'v')
                AND n.nspname NOT IN ('pg_catalog', 'pg_toast')
                AND pg_catalog.pg_table_is_visible(c.oid); args=None
[14/Aug/2018 17:58:08] DEBUG [django.db.backends:111] (0.234) INSERT INTO "django_migrations" ("app", "name", "applied") VALUES ('contenttypes', '0001_initial', '2018-08-14T22:58:08.434967+00:00'::timestamptz) RETURNING "django_migrations"."id"; args=('contenttypes', '0001_initial', datetime.datetime(2018, 8, 14, 22, 58, 8, 434967, tzinfo=<UTC>))
[14/Aug/2018 17:58:08] DEBUG [django.db.backends.schema:124] CREATE TABLE "auth_permission" ("id" serial NOT NULL PRIMARY KEY, "name" varchar(50) NOT NULL, "content_type_id" integer NOT NULL, "codename" varchar(100) NOT NULL); (params None)
[14/Aug/2018 17:58:09] DEBUG [django.db.backends:111] (0.234) CREATE TABLE "auth_permission" ("id" serial NOT NULL PRIMARY KEY, "name" varchar(50) NOT NULL, "content_type_id" integer NOT NULL, "codename" varchar(100) NOT NULL); args=None
[14/Aug/2018 17:58:09] DEBUG [django.db.backends.schema:124] CREATE TABLE "auth_group" ("id" serial NOT NULL PRIMARY KEY, "name" varchar(80) NOT NULL UNIQUE); (params None)
[14/Aug/2018 17:58:09] DEBUG [django.db.backends:111] (0.109) CREATE TABLE "auth_group" ("id" serial NOT NULL PRIMARY KEY, "name" varchar(80) NOT NULL UNIQUE); args=None
[14/Aug/2018 17:58:09] DEBUG [django.db.backends.schema:124] CREATE TABLE "auth_group_permissions" ("id" serial NOT NULL PRIMARY KEY, "group_id" integer NOT NULL, "permission_id" integer NOT NULL); (params None)
[14/Aug/2018 17:58:09] DEBUG [django.db.backends:111] (0.125) CREATE TABLE "auth_group_permissions" ("id" serial NOT NULL PRIMARY KEY, "group_id" integer NOT NULL, "permission_id" integer NOT NULL); args=None
[14/Aug/2018 17:58:09] DEBUG [django.db.backends.schema:124] CREATE TABLE "auth_user" ("id" serial NOT NULL PRIMARY KEY, "password" varchar(128) NOT NULL, "last_login" timestamp with time zone NOT NULL, "is_superuser" boolean NOT NULL, "username" varchar(30) NOT NULL UNIQUE, "first_name" varchar(30) NOT NULL, "last_name" varchar(30) NOT NULL, "email" varchar(75) NOT NULL, "is_staff" boolean NOT NULL, "is_active" boolean NOT NULL, "date_joined" timestamp with time zone NOT NULL); (params None)
[14/Aug/2018 17:58:09] DEBUG [django.db.backends:111] (0.125) CREATE TABLE "auth_user" ("id" serial NOT NULL PRIMARY KEY, "password" varchar(128) NOT NULL, "last_login" timestamp with time zone NOT NULL, "is_superuser" boolean NOT NULL, "username" varchar(30) NOT NULL UNIQUE, "first_name" varchar(30) NOT NULL, "last_name" varchar(30) NOT NULL, "email" varchar(75) NOT NULL, "is_staff" boolean NOT NULL, "is_active" boolean NOT NULL, "date_joined" timestamp with time zone NOT NULL); args=None
[14/Aug/2018 17:58:09] DEBUG [django.db.backends.schema:124] CREATE TABLE "auth_user_groups" ("id" serial NOT NULL PRIMARY KEY, "user_id" integer NOT NULL, "group_id" integer NOT NULL); (params None)
[14/Aug/2018 17:58:09] DEBUG [django.db.backends:111] (0.125) CREATE TABLE "auth_user_groups" ("id" serial NOT NULL PRIMARY KEY, "user_id" integer NOT NULL, "group_id" integer NOT NULL); args=None
[14/Aug/2018 17:58:09] DEBUG [django.db.backends.schema:124] CREATE TABLE "auth_user_user_permissions" ("id" serial NOT NULL PRIMARY KEY, "user_id" integer NOT NULL, "permission_id" integer NOT NULL); (params None)
[14/Aug/2018 17:58:09] DEBUG [django.db.backends:111] (0.109) CREATE TABLE "auth_user_user_permissions" ("id" serial NOT NULL PRIMARY KEY, "user_id" integer NOT NULL, "permission_id" integer NOT NULL); args=None
[14/Aug/2018 17:58:09] DEBUG [django.db.backends.schema:124] ALTER TABLE "auth_permission" ADD CONSTRAINT "auth_permission_content_type_id_2f476e4b_fk_django_co" FOREIGN KEY ("content_type_id") REFERENCES "django_content_type" ("id") DEFERRABLE INITIALLY DEFERRED; (params ())
[14/Aug/2018 17:58:09] DEBUG [django.db.backends:111] (0.109) ALTER TABLE "auth_permission" ADD CONSTRAINT "auth_permission_content_type_id_2f476e4b_fk_django_co" FOREIGN KEY ("content_type_id") REFERENCES "django_content_type" ("id") DEFERRABLE INITIALLY DEFERRED; args=()
[14/Aug/2018 17:58:09] DEBUG [django.db.backends.schema:124] ALTER TABLE "auth_permission" ADD CONSTRAINT auth_permission_content_type_id_codename_01ab375a_uniq UNIQUE ("content_type_id", "codename"); (params ())
[14/Aug/2018 17:58:09] DEBUG [django.db.backends:111] (0.125) ALTER TABLE "auth_permission" ADD CONSTRAINT auth_permission_content_type_id_codename_01ab375a_uniq UNIQUE ("content_type_id", "codename"); args=()
[14/Aug/2018 17:58:09] DEBUG [django.db.backends.schema:124] CREATE INDEX "auth_permission_content_type_id_2f476e4b" ON "auth_permission" ("content_type_id"); (params ())
[14/Aug/2018 17:58:09] DEBUG [django.db.backends:111] (0.109) CREATE INDEX "auth_permission_content_type_id_2f476e4b" ON "auth_permission" ("content_type_id"); args=()
[14/Aug/2018 17:58:09] DEBUG [django.db.backends.schema:124] CREATE INDEX "auth_group_name_a6ea08ec_like" ON "auth_group" ("name" varchar_pattern_ops); (params ())
[14/Aug/2018 17:58:10] DEBUG [django.db.backends:111] (0.109) CREATE INDEX "auth_group_name_a6ea08ec_like" ON "auth_group" ("name" varchar_pattern_ops); args=()
[14/Aug/2018 17:58:10] DEBUG [django.db.backends.schema:124] ALTER TABLE "auth_group_permissions" ADD CONSTRAINT "auth_group_permissions_group_id_b120cbf9_fk_auth_group_id" FOREIGN KEY ("group_id") REFERENCES "auth_group" ("id") DEFERRABLE INITIALLY DEFERRED; (params ())
[14/Aug/2018 17:58:10] DEBUG [django.db.backends:111] (0.125) ALTER TABLE "auth_group_permissions" ADD CONSTRAINT "auth_group_permissions_group_id_b120cbf9_fk_auth_group_id" FOREIGN KEY ("group_id") REFERENCES "auth_group" ("id") DEFERRABLE INITIALLY DEFERRED; args=()
[14/Aug/2018 17:58:10] DEBUG [django.db.backends.schema:124] ALTER TABLE "auth_group_permissions" ADD CONSTRAINT "auth_group_permissio_permission_id_84c5c92e_fk_auth_perm" FOREIGN KEY ("permission_id") REFERENCES "auth_permission" ("id") DEFERRABLE INITIALLY DEFERRED; (params ())
[14/Aug/2018 17:58:10] DEBUG [django.db.backends:111] (0.109) ALTER TABLE "auth_group_permissions" ADD CONSTRAINT "auth_group_permissio_permission_id_84c5c92e_fk_auth_perm" FOREIGN KEY ("permission_id") REFERENCES "auth_permission" ("id") DEFERRABLE INITIALLY DEFERRED; args=()
[14/Aug/2018 17:58:10] DEBUG [django.db.backends.schema:124] ALTER TABLE "auth_group_permissions" ADD CONSTRAINT auth_group_permissions_group_id_permission_id_0cd325b0_uniq UNIQUE ("group_id", "permission_id"); (params ())
[14/Aug/2018 17:58:10] DEBUG [django.db.backends:111] (0.125) ALTER TABLE "auth_group_permissions" ADD CONSTRAINT auth_group_permissions_group_id_permission_id_0cd325b0_uniq UNIQUE ("group_id", "permission_id"); args=()
[14/Aug/2018 17:58:10] DEBUG [django.db.backends.schema:124] CREATE INDEX "auth_group_permissions_group_id_b120cbf9" ON "auth_group_permissions" ("group_id"); (params ())
[14/Aug/2018 17:58:10] DEBUG [django.db.backends:111] (0.125) CREATE INDEX "auth_group_permissions_group_id_b120cbf9" ON "auth_group_permissions" ("group_id"); args=()
[14/Aug/2018 17:58:10] DEBUG [django.db.backends.schema:124] CREATE INDEX "auth_group_permissions_permission_id_84c5c92e" ON "auth_group_permissions" ("permission_id"); (params ())
[14/Aug/2018 17:58:10] DEBUG [django.db.backends:111] (0.109) CREATE INDEX "auth_group_permissions_permission_id_84c5c92e" ON "auth_group_permissions" ("permission_id"); args=()
[14/Aug/2018 17:58:10] DEBUG [django.db.backends.schema:124] CREATE INDEX "auth_user_username_6821ab7c_like" ON "auth_user" ("username" varchar_pattern_ops); (params ())
[14/Aug/2018 17:58:10] DEBUG [django.db.backends:111] (0.125) CREATE INDEX "auth_user_username_6821ab7c_like" ON "auth_user" ("username" varchar_pattern_ops); args=()
[14/Aug/2018 17:58:10] DEBUG [django.db.backends.schema:124] ALTER TABLE "auth_user_groups" ADD CONSTRAINT "auth_user_groups_user_id_6a12ed8b_fk_auth_user_id" FOREIGN KEY ("user_id") REFERENCES "auth_user" ("id") DEFERRABLE INITIALLY DEFERRED; (params ())
[14/Aug/2018 17:58:10] DEBUG [django.db.backends:111] (0.109) ALTER TABLE "auth_user_groups" ADD CONSTRAINT "auth_user_groups_user_id_6a12ed8b_fk_auth_user_id" FOREIGN KEY ("user_id") REFERENCES "auth_user" ("id") DEFERRABLE INITIALLY DEFERRED; args=()
[14/Aug/2018 17:58:10] DEBUG [django.db.backends.schema:124] ALTER TABLE "auth_user_groups" ADD CONSTRAINT "auth_user_groups_group_id_97559544_fk_auth_group_id" FOREIGN KEY ("group_id") REFERENCES "auth_group" ("id") DEFERRABLE INITIALLY DEFERRED; (params ())
[14/Aug/2018 17:58:11] DEBUG [django.db.backends:111] (0.125) ALTER TABLE "auth_user_groups" ADD CONSTRAINT "auth_user_groups_group_id_97559544_fk_auth_group_id" FOREIGN KEY ("group_id") REFERENCES "auth_group" ("id") DEFERRABLE INITIALLY DEFERRED; args=()
[14/Aug/2018 17:58:11] DEBUG [django.db.backends.schema:124] ALTER TABLE "auth_user_groups" ADD CONSTRAINT auth_user_groups_user_id_group_id_94350c0c_uniq UNIQUE ("user_id", "group_id"); (params ())
[14/Aug/2018 17:58:11] DEBUG [django.db.backends:111] (0.125) ALTER TABLE "auth_user_groups" ADD CONSTRAINT auth_user_groups_user_id_group_id_94350c0c_uniq UNIQUE ("user_id", "group_id"); args=()
[14/Aug/2018 17:58:11] DEBUG [django.db.backends.schema:124] CREATE INDEX "auth_user_groups_user_id_6a12ed8b" ON "auth_user_groups" ("user_id"); (params ())
[14/Aug/2018 17:58:11] DEBUG [django.db.backends:111] (0.117) CREATE INDEX "auth_user_groups_user_id_6a12ed8b" ON "auth_user_groups" ("user_id"); args=()
[14/Aug/2018 17:58:11] DEBUG [django.db.backends.schema:124] CREATE INDEX "auth_user_groups_group_id_97559544" ON "auth_user_groups" ("group_id"); (params ())
[14/Aug/2018 17:58:11] DEBUG [django.db.backends:111] (0.125) CREATE INDEX "auth_user_groups_group_id_97559544" ON "auth_user_groups" ("group_id"); args=()
[14/Aug/2018 17:58:11] DEBUG [django.db.backends.schema:124] ALTER TABLE "auth_user_user_permissions" ADD CONSTRAINT "auth_user_user_permissions_user_id_a95ead1b_fk_auth_user_id" FOREIGN KEY ("user_id") REFERENCES "auth_user" ("id") DEFERRABLE INITIALLY DEFERRED; (params ())
[14/Aug/2018 17:58:11] DEBUG [django.db.backends:111] (0.125) ALTER TABLE "auth_user_user_permissions" ADD CONSTRAINT "auth_user_user_permissions_user_id_a95ead1b_fk_auth_user_id" FOREIGN KEY ("user_id") REFERENCES "auth_user" ("id") DEFERRABLE INITIALLY DEFERRED; args=()
[14/Aug/2018 17:58:11] DEBUG [django.db.backends.schema:124] ALTER TABLE "auth_user_user_permissions" ADD CONSTRAINT "auth_user_user_permi_permission_id_1fbb5f2c_fk_auth_perm" FOREIGN KEY ("permission_id") REFERENCES "auth_permission" ("id") DEFERRABLE INITIALLY DEFERRED; (params ())
[14/Aug/2018 17:58:11] DEBUG [django.db.backends:111] (0.109) ALTER TABLE "auth_user_user_permissions" ADD CONSTRAINT "auth_user_user_permi_permission_id_1fbb5f2c_fk_auth_perm" FOREIGN KEY ("permission_id") REFERENCES "auth_permission" ("id") DEFERRABLE INITIALLY DEFERRED; args=()
[14/Aug/2018 17:58:11] DEBUG [django.db.backends.schema:124] ALTER TABLE "auth_user_user_permissions" ADD CONSTRAINT auth_user_user_permissions_user_id_permission_id_14a6b632_uniq UNIQUE ("user_id", "permission_id"); (params ())
[14/Aug/2018 17:58:11] DEBUG [django.db.backends:111] (0.109) ALTER TABLE "auth_user_user_permissions" ADD CONSTRAINT auth_user_user_permissions_user_id_permission_id_14a6b632_uniq UNIQUE ("user_id", "permission_id"); args=()
[14/Aug/2018 17:58:11] DEBUG [django.db.backends.schema:124] CREATE INDEX "auth_user_user_permissions_user_id_a95ead1b" ON "auth_user_user_permissions" ("user_id"); (params ())
[14/Aug/2018 17:58:11] DEBUG [django.db.backends:111] (0.109) CREATE INDEX "auth_user_user_permissions_user_id_a95ead1b" ON "auth_user_user_permissions" ("user_id"); args=()
[14/Aug/2018 17:58:11] DEBUG [django.db.backends.schema:124] CREATE INDEX "auth_user_user_permissions_permission_id_1fbb5f2c" ON "auth_user_user_permissions" ("permission_id"); (params ())
[14/Aug/2018 17:58:12] DEBUG [django.db.backends:111] (0.125) CREATE INDEX "auth_user_user_permissions_permission_id_1fbb5f2c" ON "auth_user_user_permissions" ("permission_id"); args=()
[14/Aug/2018 17:58:12] DEBUG [django.db.backends:111] (0.109) 
            SELECT c.relname, c.relkind
            FROM pg_catalog.pg_class c
            LEFT JOIN pg_catalog.pg_namespace n ON n.oid = c.relnamespace
            WHERE c.relkind IN ('r', 'v')
                AND n.nspname NOT IN ('pg_catalog', 'pg_toast')
                AND pg_catalog.pg_table_is_visible(c.oid); args=None
[14/Aug/2018 17:58:12] DEBUG [django.db.backends:111] (0.234) INSERT INTO "django_migrations" ("app", "name", "applied") VALUES ('auth', '0001_initial', '2018-08-14T22:58:12.255345+00:00'::timestamptz) RETURNING "django_migrations"."id"; args=('auth', '0001_initial', datetime.datetime(2018, 8, 14, 22, 58, 12, 255345, tzinfo=<UTC>))
[14/Aug/2018 17:58:12] DEBUG [django.db.backends.schema:124] CREATE TABLE "account_emailaddress" ("id" serial NOT NULL PRIMARY KEY, "email" varchar(75) NOT NULL UNIQUE, "verified" boolean NOT NULL, "primary" boolean NOT NULL, "user_id" integer NOT NULL); (params None)
[14/Aug/2018 17:58:12] DEBUG [django.db.backends:111] (0.234) CREATE TABLE "account_emailaddress" ("id" serial NOT NULL PRIMARY KEY, "email" varchar(75) NOT NULL UNIQUE, "verified" boolean NOT NULL, "primary" boolean NOT NULL, "user_id" integer NOT NULL); args=None
[14/Aug/2018 17:58:12] DEBUG [django.db.backends.schema:124] CREATE TABLE "account_emailconfirmation" ("id" serial NOT NULL PRIMARY KEY, "created" timestamp with time zone NOT NULL, "sent" timestamp with time zone NULL, "key" varchar(64) NOT NULL UNIQUE, "email_address_id" integer NOT NULL); (params None)
[14/Aug/2018 17:58:13] DEBUG [django.db.backends:111] (0.125) CREATE TABLE "account_emailconfirmation" ("id" serial NOT NULL PRIMARY KEY, "created" timestamp with time zone NOT NULL, "sent" timestamp with time zone NULL, "key" varchar(64) NOT NULL UNIQUE, "email_address_id" integer NOT NULL); args=None
[14/Aug/2018 17:58:13] DEBUG [django.db.backends.schema:124] ALTER TABLE "account_emailaddress" ADD CONSTRAINT "account_emailaddress_user_id_2c513194_fk_auth_user_id" FOREIGN KEY ("user_id") REFERENCES "auth_user" ("id") DEFERRABLE INITIALLY DEFERRED; (params ())
[14/Aug/2018 17:58:13] DEBUG [django.db.backends:111] (0.125) ALTER TABLE "account_emailaddress" ADD CONSTRAINT "account_emailaddress_user_id_2c513194_fk_auth_user_id" FOREIGN KEY ("user_id") REFERENCES "auth_user" ("id") DEFERRABLE INITIALLY DEFERRED; args=()
[14/Aug/2018 17:58:13] DEBUG [django.db.backends.schema:124] CREATE INDEX "account_emailaddress_email_03be32b2_like" ON "account_emailaddress" ("email" varchar_pattern_ops); (params ())
[14/Aug/2018 17:58:13] DEBUG [django.db.backends:111] (0.109) CREATE INDEX "account_emailaddress_email_03be32b2_like" ON "account_emailaddress" ("email" varchar_pattern_ops); args=()
[14/Aug/2018 17:58:13] DEBUG [django.db.backends.schema:124] CREATE INDEX "account_emailaddress_user_id_2c513194" ON "account_emailaddress" ("user_id"); (params ())
[14/Aug/2018 17:58:13] DEBUG [django.db.backends:111] (0.109) CREATE INDEX "account_emailaddress_user_id_2c513194" ON "account_emailaddress" ("user_id"); args=()
[14/Aug/2018 17:58:13] DEBUG [django.db.backends.schema:124] ALTER TABLE "account_emailconfirmation" ADD CONSTRAINT "account_emailconfirm_email_address_id_5b7f8c58_fk_account_e" FOREIGN KEY ("email_address_id") REFERENCES "account_emailaddress" ("id") DEFERRABLE INITIALLY DEFERRED; (params ())
[14/Aug/2018 17:58:13] DEBUG [django.db.backends:111] (0.109) ALTER TABLE "account_emailconfirmation" ADD CONSTRAINT "account_emailconfirm_email_address_id_5b7f8c58_fk_account_e" FOREIGN KEY ("email_address_id") REFERENCES "account_emailaddress" ("id") DEFERRABLE INITIALLY DEFERRED; args=()
[14/Aug/2018 17:58:13] DEBUG [django.db.backends.schema:124] CREATE INDEX "account_emailconfirmation_key_f43612bd_like" ON "account_emailconfirmation" ("key" varchar_pattern_ops); (params ())
[14/Aug/2018 17:58:13] DEBUG [django.db.backends:111] (0.125) CREATE INDEX "account_emailconfirmation_key_f43612bd_like" ON "account_emailconfirmation" ("key" varchar_pattern_ops); args=()
[14/Aug/2018 17:58:13] DEBUG [django.db.backends.schema:124] CREATE INDEX "account_emailconfirmation_email_address_id_5b7f8c58" ON "account_emailconfirmation" ("email_address_id"); (params ())
[14/Aug/2018 17:58:13] DEBUG [django.db.backends:111] (0.109) CREATE INDEX "account_emailconfirmation_email_address_id_5b7f8c58" ON "account_emailconfirmation" ("email_address_id"); args=()
[14/Aug/2018 17:58:13] DEBUG [django.db.backends:111] (0.109) 
            SELECT c.relname, c.relkind
            FROM pg_catalog.pg_class c
            LEFT JOIN pg_catalog.pg_namespace n ON n.oid = c.relnamespace
            WHERE c.relkind IN ('r', 'v')
                AND n.nspname NOT IN ('pg_catalog', 'pg_toast')
                AND pg_catalog.pg_table_is_visible(c.oid); args=None
[14/Aug/2018 17:58:14] DEBUG [django.db.backends:111] (0.219) INSERT INTO "django_migrations" ("app", "name", "applied") VALUES ('account', '0001_initial', '2018-08-14T22:58:13.926644+00:00'::timestamptz) RETURNING "django_migrations"."id"; args=('account', '0001_initial', datetime.datetime(2018, 8, 14, 22, 58, 13, 926644, tzinfo=<UTC>))
[14/Aug/2018 17:58:14] DEBUG [django.db.backends.schema:124] ALTER TABLE "account_emailaddress" ALTER COLUMN "email" TYPE varchar(254) USING "email"::varchar(254); (params [])
[14/Aug/2018 17:58:14] DEBUG [django.db.backends:111] (0.223) ALTER TABLE "account_emailaddress" ALTER COLUMN "email" TYPE varchar(254) USING "email"::varchar(254); args=[]
[14/Aug/2018 17:58:14] DEBUG [django.db.backends:111] (0.109) 
            SELECT c.relname, c.relkind
            FROM pg_catalog.pg_class c
            LEFT JOIN pg_catalog.pg_namespace n ON n.oid = c.relnamespace
            WHERE c.relkind IN ('r', 'v')
                AND n.nspname NOT IN ('pg_catalog', 'pg_toast')
                AND pg_catalog.pg_table_is_visible(c.oid); args=None
[14/Aug/2018 17:58:14] DEBUG [django.db.backends:111] (0.219) INSERT INTO "django_migrations" ("app", "name", "applied") VALUES ('account', '0002_email_max_length', '2018-08-14T22:58:14.743241+00:00'::timestamptz) RETURNING "django_migrations"."id"; args=('account', '0002_email_max_length', datetime.datetime(2018, 8, 14, 22, 58, 14, 743241, tzinfo=<UTC>))
[14/Aug/2018 17:58:15] DEBUG [django.db.backends.schema:124] CREATE TABLE "django_admin_log" ("id" serial NOT NULL PRIMARY KEY, "action_time" timestamp with time zone NOT NULL, "object_id" text NULL, "object_repr" varchar(200) NOT NULL, "action_flag" smallint NOT NULL CHECK ("action_flag" >= 0), "change_message" text NOT NULL, "content_type_id" integer NULL, "user_id" integer NOT NULL); (params None)
[14/Aug/2018 17:58:15] DEBUG [django.db.backends:111] (0.234) CREATE TABLE "django_admin_log" ("id" serial NOT NULL PRIMARY KEY, "action_time" timestamp with time zone NOT NULL, "object_id" text NULL, "object_repr" varchar(200) NOT NULL, "action_flag" smallint NOT NULL CHECK ("action_flag" >= 0), "change_message" text NOT NULL, "content_type_id" integer NULL, "user_id" integer NOT NULL); args=None
[14/Aug/2018 17:58:15] DEBUG [django.db.backends.schema:124] ALTER TABLE "django_admin_log" ADD CONSTRAINT "django_admin_log_content_type_id_c4bce8eb_fk_django_co" FOREIGN KEY ("content_type_id") REFERENCES "django_content_type" ("id") DEFERRABLE INITIALLY DEFERRED; (params ())
[14/Aug/2018 17:58:15] DEBUG [django.db.backends:111] (0.125) ALTER TABLE "django_admin_log" ADD CONSTRAINT "django_admin_log_content_type_id_c4bce8eb_fk_django_co" FOREIGN KEY ("content_type_id") REFERENCES "django_content_type" ("id") DEFERRABLE INITIALLY DEFERRED; args=()
[14/Aug/2018 17:58:15] DEBUG [django.db.backends.schema:124] ALTER TABLE "django_admin_log" ADD CONSTRAINT "django_admin_log_user_id_c564eba6_fk_auth_user_id" FOREIGN KEY ("user_id") REFERENCES "auth_user" ("id") DEFERRABLE INITIALLY DEFERRED; (params ())
[14/Aug/2018 17:58:15] DEBUG [django.db.backends:111] (0.125) ALTER TABLE "django_admin_log" ADD CONSTRAINT "django_admin_log_user_id_c564eba6_fk_auth_user_id" FOREIGN KEY ("user_id") REFERENCES "auth_user" ("id") DEFERRABLE INITIALLY DEFERRED; args=()
[14/Aug/2018 17:58:15] DEBUG [django.db.backends.schema:124] CREATE INDEX "django_admin_log_content_type_id_c4bce8eb" ON "django_admin_log" ("content_type_id"); (params ())
[14/Aug/2018 17:58:15] DEBUG [django.db.backends:111] (0.125) CREATE INDEX "django_admin_log_content_type_id_c4bce8eb" ON "django_admin_log" ("content_type_id"); args=()
[14/Aug/2018 17:58:15] DEBUG [django.db.backends.schema:124] CREATE INDEX "django_admin_log_user_id_c564eba6" ON "django_admin_log" ("user_id"); (params ())
[14/Aug/2018 17:58:15] DEBUG [django.db.backends:111] (0.109) CREATE INDEX "django_admin_log_user_id_c564eba6" ON "django_admin_log" ("user_id"); args=()
[14/Aug/2018 17:58:16] DEBUG [django.db.backends:111] (0.109) 
            SELECT c.relname, c.relkind
            FROM pg_catalog.pg_class c
            LEFT JOIN pg_catalog.pg_namespace n ON n.oid = c.relnamespace
            WHERE c.relkind IN ('r', 'v')
                AND n.nspname NOT IN ('pg_catalog', 'pg_toast')
                AND pg_catalog.pg_table_is_visible(c.oid); args=None
[14/Aug/2018 17:58:16] DEBUG [django.db.backends:111] (0.234) INSERT INTO "django_migrations" ("app", "name", "applied") VALUES ('admin', '0001_initial', '2018-08-14T22:58:16.055695+00:00'::timestamptz) RETURNING "django_migrations"."id"; args=('admin', '0001_initial', datetime.datetime(2018, 8, 14, 22, 58, 16, 55695, tzinfo=<UTC>))
[14/Aug/2018 17:58:16] DEBUG [django.db.backends:111] (0.125) 
            SELECT c.relname, c.relkind
            FROM pg_catalog.pg_class c
            LEFT JOIN pg_catalog.pg_namespace n ON n.oid = c.relnamespace
            WHERE c.relkind IN ('r', 'v')
                AND n.nspname NOT IN ('pg_catalog', 'pg_toast')
                AND pg_catalog.pg_table_is_visible(c.oid); args=None
[14/Aug/2018 17:58:16] DEBUG [django.db.backends:111] (0.234) INSERT INTO "django_migrations" ("app", "name", "applied") VALUES ('admin', '0002_logentry_remove_auto_add', '2018-08-14T22:58:16.540009+00:00'::timestamptz) RETURNING "django_migrations"."id"; args=('admin', '0002_logentry_remove_auto_add', datetime.datetime(2018, 8, 14, 22, 58, 16, 540009, tzinfo=<UTC>))
[14/Aug/2018 17:58:17] DEBUG [django.db.backends:111] (0.109) 
            SELECT c.relname, c.relkind
            FROM pg_catalog.pg_class c
            LEFT JOIN pg_catalog.pg_namespace n ON n.oid = c.relnamespace
            WHERE c.relkind IN ('r', 'v')
                AND n.nspname NOT IN ('pg_catalog', 'pg_toast')
                AND pg_catalog.pg_table_is_visible(c.oid); args=None
[14/Aug/2018 17:58:17] DEBUG [django.db.backends:111] (0.234) INSERT INTO "django_migrations" ("app", "name", "applied") VALUES ('admin', '0003_logentry_add_action_flag_choices', '2018-08-14T22:58:17.003263+00:00'::timestamptz) RETURNING "django_migrations"."id"; args=('admin', '0003_logentry_add_action_flag_choices', datetime.datetime(2018, 8, 14, 22, 58, 17, 3263, tzinfo=<UTC>))
[14/Aug/2018 17:58:17] DEBUG [django.db.backends.schema:124] ALTER TABLE "django_content_type" ALTER COLUMN "name" DROP NOT NULL; (params [])
[14/Aug/2018 17:58:17] DEBUG [django.db.backends:111] (0.219) ALTER TABLE "django_content_type" ALTER COLUMN "name" DROP NOT NULL; args=[]
[14/Aug/2018 17:58:17] DEBUG [django.db.backends.schema:124] ALTER TABLE "django_content_type" DROP COLUMN "name" CASCADE; (params ())
[14/Aug/2018 17:58:17] DEBUG [django.db.backends:111] (0.109) ALTER TABLE "django_content_type" DROP COLUMN "name" CASCADE; args=()
[14/Aug/2018 17:58:17] DEBUG [django.db.backends:111] (0.109) 
            SELECT c.relname, c.relkind
            FROM pg_catalog.pg_class c
            LEFT JOIN pg_catalog.pg_namespace n ON n.oid = c.relnamespace
            WHERE c.relkind IN ('r', 'v')
                AND n.nspname NOT IN ('pg_catalog', 'pg_toast')
                AND pg_catalog.pg_table_is_visible(c.oid); args=None
[14/Aug/2018 17:58:18] DEBUG [django.db.backends:111] (0.219) INSERT INTO "django_migrations" ("app", "name", "applied") VALUES ('contenttypes', '0002_remove_content_type_name', '2018-08-14T22:58:17.971887+00:00'::timestamptz) RETURNING "django_migrations"."id"; args=('contenttypes', '0002_remove_content_type_name', datetime.datetime(2018, 8, 14, 22, 58, 17, 971887, tzinfo=<UTC>))
[14/Aug/2018 17:58:18] DEBUG [django.db.backends.schema:124] ALTER TABLE "auth_permission" ALTER COLUMN "name" TYPE varchar(255) USING "name"::varchar(255); (params [])
[14/Aug/2018 17:58:18] DEBUG [django.db.backends:111] (0.234) ALTER TABLE "auth_permission" ALTER COLUMN "name" TYPE varchar(255) USING "name"::varchar(255); args=[]
[14/Aug/2018 17:58:18] DEBUG [django.db.backends:111] (0.109) 
            SELECT c.relname, c.relkind
            FROM pg_catalog.pg_class c
            LEFT JOIN pg_catalog.pg_namespace n ON n.oid = c.relnamespace
            WHERE c.relkind IN ('r', 'v')
                AND n.nspname NOT IN ('pg_catalog', 'pg_toast')
                AND pg_catalog.pg_table_is_visible(c.oid); args=None
[14/Aug/2018 17:58:19] DEBUG [django.db.backends:111] (0.219) INSERT INTO "django_migrations" ("app", "name", "applied") VALUES ('auth', '0002_alter_permission_name_max_length', '2018-08-14T22:58:18.768761+00:00'::timestamptz) RETURNING "django_migrations"."id"; args=('auth', '0002_alter_permission_name_max_length', datetime.datetime(2018, 8, 14, 22, 58, 18, 768761, tzinfo=<UTC>))
[14/Aug/2018 17:58:19] DEBUG [django.db.backends.schema:124] ALTER TABLE "auth_user" ALTER COLUMN "email" TYPE varchar(254) USING "email"::varchar(254); (params [])
[14/Aug/2018 17:58:19] DEBUG [django.db.backends:111] (0.234) ALTER TABLE "auth_user" ALTER COLUMN "email" TYPE varchar(254) USING "email"::varchar(254); args=[]
[14/Aug/2018 17:58:19] DEBUG [django.db.backends:111] (0.109) 
            SELECT c.relname, c.relkind
            FROM pg_catalog.pg_class c
            LEFT JOIN pg_catalog.pg_namespace n ON n.oid = c.relnamespace
            WHERE c.relkind IN ('r', 'v')
                AND n.nspname NOT IN ('pg_catalog', 'pg_toast')
                AND pg_catalog.pg_table_is_visible(c.oid); args=None
[14/Aug/2018 17:58:19] DEBUG [django.db.backends:111] (0.234) INSERT INTO "django_migrations" ("app", "name", "applied") VALUES ('auth', '0003_alter_user_email_max_length', '2018-08-14T22:58:19.586175+00:00'::timestamptz) RETURNING "django_migrations"."id"; args=('auth', '0003_alter_user_email_max_length', datetime.datetime(2018, 8, 14, 22, 58, 19, 586175, tzinfo=<UTC>))
[14/Aug/2018 17:58:20] DEBUG [django.db.backends:111] (0.109) 
            SELECT c.relname, c.relkind
            FROM pg_catalog.pg_class c
            LEFT JOIN pg_catalog.pg_namespace n ON n.oid = c.relnamespace
            WHERE c.relkind IN ('r', 'v')
                AND n.nspname NOT IN ('pg_catalog', 'pg_toast')
                AND pg_catalog.pg_table_is_visible(c.oid); args=None
[14/Aug/2018 17:58:20] DEBUG [django.db.backends:111] (0.234) INSERT INTO "django_migrations" ("app", "name", "applied") VALUES ('auth', '0004_alter_user_username_opts', '2018-08-14T22:58:20.070511+00:00'::timestamptz) RETURNING "django_migrations"."id"; args=('auth', '0004_alter_user_username_opts', datetime.datetime(2018, 8, 14, 22, 58, 20, 70511, tzinfo=<UTC>))
[14/Aug/2018 17:58:20] DEBUG [django.db.backends.schema:124] ALTER TABLE "auth_user" ALTER COLUMN "last_login" DROP NOT NULL; (params [])
[14/Aug/2018 17:58:20] DEBUG [django.db.backends:111] (0.219) ALTER TABLE "auth_user" ALTER COLUMN "last_login" DROP NOT NULL; args=[]
[14/Aug/2018 17:58:20] DEBUG [django.db.backends:111] (0.109) 
            SELECT c.relname, c.relkind
            FROM pg_catalog.pg_class c
            LEFT JOIN pg_catalog.pg_namespace n ON n.oid = c.relnamespace
            WHERE c.relkind IN ('r', 'v')
                AND n.nspname NOT IN ('pg_catalog', 'pg_toast')
                AND pg_catalog.pg_table_is_visible(c.oid); args=None
[14/Aug/2018 17:58:21] DEBUG [django.db.backends:111] (0.234) INSERT INTO "django_migrations" ("app", "name", "applied") VALUES ('auth', '0005_alter_user_last_login_null', '2018-08-14T22:58:20.898607+00:00'::timestamptz) RETURNING "django_migrations"."id"; args=('auth', '0005_alter_user_last_login_null', datetime.datetime(2018, 8, 14, 22, 58, 20, 898607, tzinfo=<UTC>))
[14/Aug/2018 17:58:21] DEBUG [django.db.backends:111] (0.109) 
            SELECT c.relname, c.relkind
            FROM pg_catalog.pg_class c
            LEFT JOIN pg_catalog.pg_namespace n ON n.oid = c.relnamespace
            WHERE c.relkind IN ('r', 'v')
                AND n.nspname NOT IN ('pg_catalog', 'pg_toast')
                AND pg_catalog.pg_table_is_visible(c.oid); args=None
[14/Aug/2018 17:58:21] DEBUG [django.db.backends:111] (0.234) INSERT INTO "django_migrations" ("app", "name", "applied") VALUES ('auth', '0006_require_contenttypes_0002', '2018-08-14T22:58:21.367320+00:00'::timestamptz) RETURNING "django_migrations"."id"; args=('auth', '0006_require_contenttypes_0002', datetime.datetime(2018, 8, 14, 22, 58, 21, 367320, tzinfo=<UTC>))
[14/Aug/2018 17:58:21] DEBUG [django.db.backends:111] (0.109) 
            SELECT c.relname, c.relkind
            FROM pg_catalog.pg_class c
            LEFT JOIN pg_catalog.pg_namespace n ON n.oid = c.relnamespace
            WHERE c.relkind IN ('r', 'v')
                AND n.nspname NOT IN ('pg_catalog', 'pg_toast')
                AND pg_catalog.pg_table_is_visible(c.oid); args=None
[14/Aug/2018 17:58:22] DEBUG [django.db.backends:111] (0.234) INSERT INTO "django_migrations" ("app", "name", "applied") VALUES ('auth', '0007_alter_validators_add_error_messages', '2018-08-14T22:58:21.851686+00:00'::timestamptz) RETURNING "django_migrations"."id"; args=('auth', '0007_alter_validators_add_error_messages', datetime.datetime(2018, 8, 14, 22, 58, 21, 851686, tzinfo=<UTC>))
[14/Aug/2018 17:58:22] DEBUG [django.db.backends.schema:124] ALTER TABLE "auth_user" ALTER COLUMN "username" TYPE varchar(150) USING "username"::varchar(150); (params [])
[14/Aug/2018 17:58:22] DEBUG [django.db.backends:111] (0.235) ALTER TABLE "auth_user" ALTER COLUMN "username" TYPE varchar(150) USING "username"::varchar(150); args=[]
[14/Aug/2018 17:58:22] DEBUG [django.db.backends:111] (0.125) 
            SELECT c.relname, c.relkind
            FROM pg_catalog.pg_class c
            LEFT JOIN pg_catalog.pg_namespace n ON n.oid = c.relnamespace
            WHERE c.relkind IN ('r', 'v')
                AND n.nspname NOT IN ('pg_catalog', 'pg_toast')
                AND pg_catalog.pg_table_is_visible(c.oid); args=None
[14/Aug/2018 17:58:22] DEBUG [django.db.backends:111] (0.250) INSERT INTO "django_migrations" ("app", "name", "applied") VALUES ('auth', '0008_alter_user_username_max_length', '2018-08-14T22:58:22.701655+00:00'::timestamptz) RETURNING "django_migrations"."id"; args=('auth', '0008_alter_user_username_max_length', datetime.datetime(2018, 8, 14, 22, 58, 22, 701655, tzinfo=<UTC>))
[14/Aug/2018 17:58:23] DEBUG [django.db.backends.schema:124] ALTER TABLE "auth_user" ALTER COLUMN "last_name" TYPE varchar(150) USING "last_name"::varchar(150); (params [])
[14/Aug/2018 17:58:23] DEBUG [django.db.backends:111] (0.234) ALTER TABLE "auth_user" ALTER COLUMN "last_name" TYPE varchar(150) USING "last_name"::varchar(150); args=[]
[14/Aug/2018 17:58:23] DEBUG [django.db.backends:111] (0.125) 
            SELECT c.relname, c.relkind
            FROM pg_catalog.pg_class c
            LEFT JOIN pg_catalog.pg_namespace n ON n.oid = c.relnamespace
            WHERE c.relkind IN ('r', 'v')
                AND n.nspname NOT IN ('pg_catalog', 'pg_toast')
                AND pg_catalog.pg_table_is_visible(c.oid); args=None
[14/Aug/2018 17:58:23] DEBUG [django.db.backends:111] (0.234) INSERT INTO "django_migrations" ("app", "name", "applied") VALUES ('auth', '0009_alter_user_last_name_max_length', '2018-08-14T22:58:23.558065+00:00'::timestamptz) RETURNING "django_migrations"."id"; args=('auth', '0009_alter_user_last_name_max_length', datetime.datetime(2018, 8, 14, 22, 58, 23, 558065, tzinfo=<UTC>))
[14/Aug/2018 17:58:23] DEBUG [django.db.backends.schema:124] CREATE TABLE "django_session" ("session_key" varchar(40) NOT NULL PRIMARY KEY, "session_data" text NOT NULL, "expire_date" timestamp with time zone NOT NULL); (params None)
[14/Aug/2018 17:58:24] DEBUG [django.db.backends:111] (0.227) CREATE TABLE "django_session" ("session_key" varchar(40) NOT NULL PRIMARY KEY, "session_data" text NOT NULL, "expire_date" timestamp with time zone NOT NULL); args=None
[14/Aug/2018 17:58:24] DEBUG [django.db.backends.schema:124] CREATE INDEX "django_session_session_key_c0390e0f_like" ON "django_session" ("session_key" varchar_pattern_ops); (params ())
[14/Aug/2018 17:58:24] DEBUG [django.db.backends:111] (0.109) CREATE INDEX "django_session_session_key_c0390e0f_like" ON "django_session" ("session_key" varchar_pattern_ops); args=()
[14/Aug/2018 17:58:24] DEBUG [django.db.backends.schema:124] CREATE INDEX "django_session_expire_date_a5c62663" ON "django_session" ("expire_date"); (params ())
[14/Aug/2018 17:58:24] DEBUG [django.db.backends:111] (0.125) CREATE INDEX "django_session_expire_date_a5c62663" ON "django_session" ("expire_date"); args=()
[14/Aug/2018 17:58:24] DEBUG [django.db.backends:111] (0.109) 
            SELECT c.relname, c.relkind
            FROM pg_catalog.pg_class c
            LEFT JOIN pg_catalog.pg_namespace n ON n.oid = c.relnamespace
            WHERE c.relkind IN ('r', 'v')
                AND n.nspname NOT IN ('pg_catalog', 'pg_toast')
                AND pg_catalog.pg_table_is_visible(c.oid); args=None
[14/Aug/2018 17:58:24] DEBUG [django.db.backends:111] (0.235) INSERT INTO "django_migrations" ("app", "name", "applied") VALUES ('sessions', '0001_initial', '2018-08-14T22:58:24.602932+00:00'::timestamptz) RETURNING "django_migrations"."id"; args=('sessions', '0001_initial', datetime.datetime(2018, 8, 14, 22, 58, 24, 602932, tzinfo=<UTC>))
[14/Aug/2018 17:58:24] DEBUG [django.db.backends.schema:124] CREATE TABLE "django_site" ("id" serial NOT NULL PRIMARY KEY, "domain" varchar(100) NOT NULL, "name" varchar(50) NOT NULL); (params None)
[14/Aug/2018 17:58:25] DEBUG [django.db.backends:111] (0.234) CREATE TABLE "django_site" ("id" serial NOT NULL PRIMARY KEY, "domain" varchar(100) NOT NULL, "name" varchar(50) NOT NULL); args=None
[14/Aug/2018 17:58:25] DEBUG [django.db.backends:111] (0.109) 
            SELECT c.relname, c.relkind
            FROM pg_catalog.pg_class c
            LEFT JOIN pg_catalog.pg_namespace n ON n.oid = c.relnamespace
            WHERE c.relkind IN ('r', 'v')
                AND n.nspname NOT IN ('pg_catalog', 'pg_toast')
                AND pg_catalog.pg_table_is_visible(c.oid); args=None
[14/Aug/2018 17:58:25] DEBUG [django.db.backends:111] (0.234) INSERT INTO "django_migrations" ("app", "name", "applied") VALUES ('sites', '0001_initial', '2018-08-14T22:58:25.431178+00:00'::timestamptz) RETURNING "django_migrations"."id"; args=('sites', '0001_initial', datetime.datetime(2018, 8, 14, 22, 58, 25, 431178, tzinfo=<UTC>))
[14/Aug/2018 17:58:25] DEBUG [django.db.backends.schema:124] ALTER TABLE "django_site" ADD CONSTRAINT django_site_domain_a2e37b91_uniq UNIQUE ("domain"); (params ())
[14/Aug/2018 17:58:26] DEBUG [django.db.backends:111] (0.250) ALTER TABLE "django_site" ADD CONSTRAINT django_site_domain_a2e37b91_uniq UNIQUE ("domain"); args=()
[14/Aug/2018 17:58:26] DEBUG [django.db.backends.schema:124] CREATE INDEX "django_site_domain_a2e37b91_like" ON "django_site" ("domain" varchar_pattern_ops); (params ())
[14/Aug/2018 17:58:26] DEBUG [django.db.backends:111] (0.141) CREATE INDEX "django_site_domain_a2e37b91_like" ON "django_site" ("domain" varchar_pattern_ops); args=()
[14/Aug/2018 17:58:26] DEBUG [django.db.backends:111] (0.109) 
            SELECT c.relname, c.relkind
            FROM pg_catalog.pg_class c
            LEFT JOIN pg_catalog.pg_namespace n ON n.oid = c.relnamespace
            WHERE c.relkind IN ('r', 'v')
                AND n.nspname NOT IN ('pg_catalog', 'pg_toast')
                AND pg_catalog.pg_table_is_visible(c.oid); args=None
[14/Aug/2018 17:58:26] DEBUG [django.db.backends:111] (0.217) INSERT INTO "django_migrations" ("app", "name", "applied") VALUES ('sites', '0002_alter_domain_unique', '2018-08-14T22:58:26.399891+00:00'::timestamptz) RETURNING "django_migrations"."id"; args=('sites', '0002_alter_domain_unique', datetime.datetime(2018, 8, 14, 22, 58, 26, 399891, tzinfo=<UTC>))
[14/Aug/2018 17:58:26] DEBUG [django.db.backends.schema:124] CREATE TABLE "socialaccount_socialaccount" ("id" serial NOT NULL PRIMARY KEY, "provider" varchar(30) NOT NULL, "uid" varchar(191) NOT NULL, "last_login" timestamp with time zone NOT NULL, "date_joined" timestamp with time zone NOT NULL, "extra_data" text NOT NULL, "user_id" integer NOT NULL); (params None)
[14/Aug/2018 17:58:26] DEBUG [django.db.backends:111] (0.243) CREATE TABLE "socialaccount_socialaccount" ("id" serial NOT NULL PRIMARY KEY, "provider" varchar(30) NOT NULL, "uid" varchar(191) NOT NULL, "last_login" timestamp with time zone NOT NULL, "date_joined" timestamp with time zone NOT NULL, "extra_data" text NOT NULL, "user_id" integer NOT NULL); args=None
[14/Aug/2018 17:58:27] DEBUG [django.db.backends.schema:124] CREATE TABLE "socialaccount_socialapp" ("id" serial NOT NULL PRIMARY KEY, "provider" varchar(30) NOT NULL, "name" varchar(40) NOT NULL, "client_id" varchar(100) NOT NULL, "secret" varchar(100) NOT NULL, "key" varchar(100) NOT NULL); (params None)
[14/Aug/2018 17:58:27] DEBUG [django.db.backends:111] (0.109) CREATE TABLE "socialaccount_socialapp" ("id" serial NOT NULL PRIMARY KEY, "provider" varchar(30) NOT NULL, "name" varchar(40) NOT NULL, "client_id" varchar(100) NOT NULL, "secret" varchar(100) NOT NULL, "key" varchar(100) NOT NULL); args=None
[14/Aug/2018 17:58:27] DEBUG [django.db.backends.schema:124] CREATE TABLE "socialaccount_socialapp_sites" ("id" serial NOT NULL PRIMARY KEY, "socialapp_id" integer NOT NULL, "site_id" integer NOT NULL); (params None)
[14/Aug/2018 17:58:27] DEBUG [django.db.backends:111] (0.125) CREATE TABLE "socialaccount_socialapp_sites" ("id" serial NOT NULL PRIMARY KEY, "socialapp_id" integer NOT NULL, "site_id" integer NOT NULL); args=None
[14/Aug/2018 17:58:27] DEBUG [django.db.backends.schema:124] CREATE TABLE "socialaccount_socialtoken" ("id" serial NOT NULL PRIMARY KEY, "token" text NOT NULL, "token_secret" text NOT NULL, "expires_at" timestamp with time zone NULL, "account_id" integer NOT NULL, "app_id" integer NOT NULL); (params None)
[14/Aug/2018 17:58:27] DEBUG [django.db.backends:111] (0.125) CREATE TABLE "socialaccount_socialtoken" ("id" serial NOT NULL PRIMARY KEY, "token" text NOT NULL, "token_secret" text NOT NULL, "expires_at" timestamp with time zone NULL, "account_id" integer NOT NULL, "app_id" integer NOT NULL); args=None
[14/Aug/2018 17:58:27] DEBUG [django.db.backends.schema:124] ALTER TABLE "socialaccount_socialtoken" ADD CONSTRAINT socialaccount_socialtoken_app_id_account_id_fca4e0ac_uniq UNIQUE ("app_id", "account_id"); (params ())
[14/Aug/2018 17:58:27] DEBUG [django.db.backends:111] (0.125) ALTER TABLE "socialaccount_socialtoken" ADD CONSTRAINT socialaccount_socialtoken_app_id_account_id_fca4e0ac_uniq UNIQUE ("app_id", "account_id"); args=()
[14/Aug/2018 17:58:27] DEBUG [django.db.backends.schema:124] ALTER TABLE "socialaccount_socialaccount" ADD CONSTRAINT socialaccount_socialaccount_provider_uid_fc810c6e_uniq UNIQUE ("provider", "uid"); (params ())
[14/Aug/2018 17:58:27] DEBUG [django.db.backends:111] (0.109) ALTER TABLE "socialaccount_socialaccount" ADD CONSTRAINT socialaccount_socialaccount_provider_uid_fc810c6e_uniq UNIQUE ("provider", "uid"); args=()
[14/Aug/2018 17:58:27] DEBUG [django.db.backends.schema:124] ALTER TABLE "socialaccount_socialaccount" ADD CONSTRAINT "socialaccount_socialaccount_user_id_8146e70c_fk_auth_user_id" FOREIGN KEY ("user_id") REFERENCES "auth_user" ("id") DEFERRABLE INITIALLY DEFERRED; (params ())
[14/Aug/2018 17:58:27] DEBUG [django.db.backends:111] (0.125) ALTER TABLE "socialaccount_socialaccount" ADD CONSTRAINT "socialaccount_socialaccount_user_id_8146e70c_fk_auth_user_id" FOREIGN KEY ("user_id") REFERENCES "auth_user" ("id") DEFERRABLE INITIALLY DEFERRED; args=()
[14/Aug/2018 17:58:27] DEBUG [django.db.backends.schema:124] CREATE INDEX "socialaccount_socialaccount_user_id_8146e70c" ON "socialaccount_socialaccount" ("user_id"); (params ())
[14/Aug/2018 17:58:27] DEBUG [django.db.backends:111] (0.109) CREATE INDEX "socialaccount_socialaccount_user_id_8146e70c" ON "socialaccount_socialaccount" ("user_id"); args=()
[14/Aug/2018 17:58:27] DEBUG [django.db.backends.schema:124] ALTER TABLE "socialaccount_socialapp_sites" ADD CONSTRAINT "socialaccount_social_socialapp_id_97fb6e7d_fk_socialacc" FOREIGN KEY ("socialapp_id") REFERENCES "socialaccount_socialapp" ("id") DEFERRABLE INITIALLY DEFERRED; (params ())
[14/Aug/2018 17:58:28] DEBUG [django.db.backends:111] (0.125) ALTER TABLE "socialaccount_socialapp_sites" ADD CONSTRAINT "socialaccount_social_socialapp_id_97fb6e7d_fk_socialacc" FOREIGN KEY ("socialapp_id") REFERENCES "socialaccount_socialapp" ("id") DEFERRABLE INITIALLY DEFERRED; args=()
[14/Aug/2018 17:58:28] DEBUG [django.db.backends.schema:124] ALTER TABLE "socialaccount_socialapp_sites" ADD CONSTRAINT "socialaccount_social_site_id_2579dee5_fk_django_si" FOREIGN KEY ("site_id") REFERENCES "django_site" ("id") DEFERRABLE INITIALLY DEFERRED; (params ())
[14/Aug/2018 17:58:28] DEBUG [django.db.backends:111] (0.109) ALTER TABLE "socialaccount_socialapp_sites" ADD CONSTRAINT "socialaccount_social_site_id_2579dee5_fk_django_si" FOREIGN KEY ("site_id") REFERENCES "django_site" ("id") DEFERRABLE INITIALLY DEFERRED; args=()
[14/Aug/2018 17:58:28] DEBUG [django.db.backends.schema:124] ALTER TABLE "socialaccount_socialapp_sites" ADD CONSTRAINT socialaccount_socialapp__socialapp_id_site_id_71a9a768_uniq UNIQUE ("socialapp_id", "site_id"); (params ())
[14/Aug/2018 17:58:28] DEBUG [django.db.backends:111] (0.125) ALTER TABLE "socialaccount_socialapp_sites" ADD CONSTRAINT socialaccount_socialapp__socialapp_id_site_id_71a9a768_uniq UNIQUE ("socialapp_id", "site_id"); args=()
[14/Aug/2018 17:58:28] DEBUG [django.db.backends.schema:124] CREATE INDEX "socialaccount_socialapp_sites_socialapp_id_97fb6e7d" ON "socialaccount_socialapp_sites" ("socialapp_id"); (params ())
[14/Aug/2018 17:58:28] DEBUG [django.db.backends:111] (0.109) CREATE INDEX "socialaccount_socialapp_sites_socialapp_id_97fb6e7d" ON "socialaccount_socialapp_sites" ("socialapp_id"); args=()
[14/Aug/2018 17:58:28] DEBUG [django.db.backends.schema:124] CREATE INDEX "socialaccount_socialapp_sites_site_id_2579dee5" ON "socialaccount_socialapp_sites" ("site_id"); (params ())
[14/Aug/2018 17:58:28] DEBUG [django.db.backends:111] (0.120) CREATE INDEX "socialaccount_socialapp_sites_site_id_2579dee5" ON "socialaccount_socialapp_sites" ("site_id"); args=()
[14/Aug/2018 17:58:28] DEBUG [django.db.backends.schema:124] ALTER TABLE "socialaccount_socialtoken" ADD CONSTRAINT "socialaccount_social_account_id_951f210e_fk_socialacc" FOREIGN KEY ("account_id") REFERENCES "socialaccount_socialaccount" ("id") DEFERRABLE INITIALLY DEFERRED; (params ())
[14/Aug/2018 17:58:28] DEBUG [django.db.backends:111] (0.109) ALTER TABLE "socialaccount_socialtoken" ADD CONSTRAINT "socialaccount_social_account_id_951f210e_fk_socialacc" FOREIGN KEY ("account_id") REFERENCES "socialaccount_socialaccount" ("id") DEFERRABLE INITIALLY DEFERRED; args=()
[14/Aug/2018 17:58:28] DEBUG [django.db.backends.schema:124] ALTER TABLE "socialaccount_socialtoken" ADD CONSTRAINT "socialaccount_social_app_id_636a42d7_fk_socialacc" FOREIGN KEY ("app_id") REFERENCES "socialaccount_socialapp" ("id") DEFERRABLE INITIALLY DEFERRED; (params ())
[14/Aug/2018 17:58:28] DEBUG [django.db.backends:111] (0.109) ALTER TABLE "socialaccount_socialtoken" ADD CONSTRAINT "socialaccount_social_app_id_636a42d7_fk_socialacc" FOREIGN KEY ("app_id") REFERENCES "socialaccount_socialapp" ("id") DEFERRABLE INITIALLY DEFERRED; args=()
[14/Aug/2018 17:58:28] DEBUG [django.db.backends.schema:124] CREATE INDEX "socialaccount_socialtoken_account_id_951f210e" ON "socialaccount_socialtoken" ("account_id"); (params ())
[14/Aug/2018 17:58:28] DEBUG [django.db.backends:111] (0.109) CREATE INDEX "socialaccount_socialtoken_account_id_951f210e" ON "socialaccount_socialtoken" ("account_id"); args=()
[14/Aug/2018 17:58:28] DEBUG [django.db.backends.schema:124] CREATE INDEX "socialaccount_socialtoken_app_id_636a42d7" ON "socialaccount_socialtoken" ("app_id"); (params ())
[14/Aug/2018 17:58:28] DEBUG [django.db.backends:111] (0.125) CREATE INDEX "socialaccount_socialtoken_app_id_636a42d7" ON "socialaccount_socialtoken" ("app_id"); args=()
[14/Aug/2018 17:58:29] DEBUG [django.db.backends:111] (0.109) 
            SELECT c.relname, c.relkind
            FROM pg_catalog.pg_class c
            LEFT JOIN pg_catalog.pg_namespace n ON n.oid = c.relnamespace
            WHERE c.relkind IN ('r', 'v')
                AND n.nspname NOT IN ('pg_catalog', 'pg_toast')
                AND pg_catalog.pg_table_is_visible(c.oid); args=None
[14/Aug/2018 17:58:29] DEBUG [django.db.backends:111] (0.234) INSERT INTO "django_migrations" ("app", "name", "applied") VALUES ('socialaccount', '0001_initial', '2018-08-14T22:58:29.194831+00:00'::timestamptz) RETURNING "django_migrations"."id"; args=('socialaccount', '0001_initial', datetime.datetime(2018, 8, 14, 22, 58, 29, 194831, tzinfo=<UTC>))
[14/Aug/2018 17:58:29] DEBUG [django.db.backends.schema:124] ALTER TABLE "socialaccount_socialapp" ALTER COLUMN "client_id" TYPE varchar(191) USING "client_id"::varchar(191); (params [])
[14/Aug/2018 17:58:29] DEBUG [django.db.backends:111] (0.219) ALTER TABLE "socialaccount_socialapp" ALTER COLUMN "client_id" TYPE varchar(191) USING "client_id"::varchar(191); args=[]
[14/Aug/2018 17:58:29] DEBUG [django.db.backends.schema:124] ALTER TABLE "socialaccount_socialapp" ALTER COLUMN "key" TYPE varchar(191) USING "key"::varchar(191); (params [])
[14/Aug/2018 17:58:29] DEBUG [django.db.backends:111] (0.125) ALTER TABLE "socialaccount_socialapp" ALTER COLUMN "key" TYPE varchar(191) USING "key"::varchar(191); args=[]
[14/Aug/2018 17:58:29] DEBUG [django.db.backends.schema:124] ALTER TABLE "socialaccount_socialapp" ALTER COLUMN "secret" TYPE varchar(191) USING "secret"::varchar(191); (params [])
[14/Aug/2018 17:58:30] DEBUG [django.db.backends:111] (0.109) ALTER TABLE "socialaccount_socialapp" ALTER COLUMN "secret" TYPE varchar(191) USING "secret"::varchar(191); args=[]
[14/Aug/2018 17:58:30] DEBUG [django.db.backends:111] (0.109) 
            SELECT c.relname, c.relkind
            FROM pg_catalog.pg_class c
            LEFT JOIN pg_catalog.pg_namespace n ON n.oid = c.relnamespace
            WHERE c.relkind IN ('r', 'v')
                AND n.nspname NOT IN ('pg_catalog', 'pg_toast')
                AND pg_catalog.pg_table_is_visible(c.oid); args=None
[14/Aug/2018 17:58:30] DEBUG [django.db.backends:111] (0.234) INSERT INTO "django_migrations" ("app", "name", "applied") VALUES ('socialaccount', '0002_token_max_lengths', '2018-08-14T22:58:30.272880+00:00'::timestamptz) RETURNING "django_migrations"."id"; args=('socialaccount', '0002_token_max_lengths', datetime.datetime(2018, 8, 14, 22, 58, 30, 272880, tzinfo=<UTC>))
[14/Aug/2018 17:58:30] DEBUG [django.db.backends:111] (0.109) 
            SELECT c.relname, c.relkind
            FROM pg_catalog.pg_class c
            LEFT JOIN pg_catalog.pg_namespace n ON n.oid = c.relnamespace
            WHERE c.relkind IN ('r', 'v')
                AND n.nspname NOT IN ('pg_catalog', 'pg_toast')
                AND pg_catalog.pg_table_is_visible(c.oid); args=None
[14/Aug/2018 17:58:30] DEBUG [django.db.backends:111] (0.234) INSERT INTO "django_migrations" ("app", "name", "applied") VALUES ('socialaccount', '0003_extra_data_default_dict', '2018-08-14T22:58:30.757169+00:00'::timestamptz) RETURNING "django_migrations"."id"; args=('socialaccount', '0003_extra_data_default_dict', datetime.datetime(2018, 8, 14, 22, 58, 30, 757169, tzinfo=<UTC>))
[14/Aug/2018 17:58:31] DEBUG [django.db.backends:111] (0.109) 
            SELECT c.relname, c.relkind
            FROM pg_catalog.pg_class c
            LEFT JOIN pg_catalog.pg_namespace n ON n.oid = c.relnamespace
            WHERE c.relkind IN ('r', 'v')
                AND n.nspname NOT IN ('pg_catalog', 'pg_toast')
                AND pg_catalog.pg_table_is_visible(c.oid); args=None
[14/Aug/2018 17:58:31] DEBUG [django.db.backends:111] (0.125) SELECT "django_migrations"."app", "django_migrations"."name" FROM "django_migrations"; args=()
[14/Aug/2018 17:58:31] DEBUG [django.db.backends:111] (0.109) SELECT "django_content_type"."id", "django_content_type"."app_label", "django_content_type"."model" FROM "django_content_type" WHERE ("django_content_type"."app_label" = 'admin' AND "django_content_type"."model" = 'logentry'); args=('admin', 'logentry')
[14/Aug/2018 17:58:31] DEBUG [django.db.backends:111] (0.125) SELECT "django_content_type"."id", "django_content_type"."app_label", "django_content_type"."model" FROM "django_content_type" WHERE ("django_content_type"."app_label" = 'admin' AND "django_content_type"."model" = 'logentry'); args=('admin', 'logentry')
[14/Aug/2018 17:58:31] DEBUG [django.db.backends:111] (0.219) INSERT INTO "django_content_type" ("app_label", "model") VALUES ('admin', 'logentry') RETURNING "django_content_type"."id"; args=('admin', 'logentry')
[14/Aug/2018 17:58:32] DEBUG [django.db.backends:111] (0.109) SELECT "auth_permission"."content_type_id", "auth_permission"."codename" FROM "auth_permission" INNER JOIN "django_content_type" ON ("auth_permission"."content_type_id" = "django_content_type"."id") WHERE "auth_permission"."content_type_id" IN (1) ORDER BY "django_content_type"."app_label" ASC, "django_content_type"."model" ASC, "auth_permission"."codename" ASC; args=(1,)
[14/Aug/2018 17:58:32] DEBUG [django.db.backends:111] (0.223) INSERT INTO "auth_permission" ("name", "content_type_id", "codename") VALUES ('Can add log entry', 1, 'add_logentry'), ('Can change log entry', 1, 'change_logentry'), ('Can delete log entry', 1, 'delete_logentry'), ('Can view log entry', 1, 'view_logentry') RETURNING "auth_permission"."id"; args=('Can add log entry', 1, 'add_logentry', 'Can change log entry', 1, 'change_logentry', 'Can delete log entry', 1, 'delete_logentry', 'Can view log entry', 1, 'view_logentry')
[14/Aug/2018 17:58:32] DEBUG [django.db.backends:111] (0.109) SELECT "django_content_type"."id", "django_content_type"."app_label", "django_content_type"."model" FROM "django_content_type" WHERE "django_content_type"."app_label" = 'admin'; args=('admin',)
[14/Aug/2018 17:58:32] DEBUG [django.db.backends:111] (0.125) SELECT "django_content_type"."id", "django_content_type"."app_label", "django_content_type"."model" FROM "django_content_type" WHERE ("django_content_type"."app_label" = 'auth' AND "django_content_type"."model" = 'permission'); args=('auth', 'permission')
[14/Aug/2018 17:58:32] DEBUG [django.db.backends:111] (0.107) SELECT "django_content_type"."id", "django_content_type"."app_label", "django_content_type"."model" FROM "django_content_type" WHERE ("django_content_type"."app_label" = 'auth' AND "django_content_type"."model" = 'permission'); args=('auth', 'permission')
[14/Aug/2018 17:58:32] DEBUG [django.db.backends:111] (0.224) INSERT INTO "django_content_type" ("app_label", "model") VALUES ('auth', 'permission') RETURNING "django_content_type"."id"; args=('auth', 'permission')
[14/Aug/2018 17:58:33] DEBUG [django.db.backends:111] (0.109) SELECT "django_content_type"."id", "django_content_type"."app_label", "django_content_type"."model" FROM "django_content_type" WHERE ("django_content_type"."app_label" = 'auth' AND "django_content_type"."model" = 'group'); args=('auth', 'group')
[14/Aug/2018 17:58:33] DEBUG [django.db.backends:111] (0.109) SELECT "django_content_type"."id", "django_content_type"."app_label", "django_content_type"."model" FROM "django_content_type" WHERE ("django_content_type"."app_label" = 'auth' AND "django_content_type"."model" = 'group'); args=('auth', 'group')
[14/Aug/2018 17:58:33] DEBUG [django.db.backends:111] (0.234) INSERT INTO "django_content_type" ("app_label", "model") VALUES ('auth', 'group') RETURNING "django_content_type"."id"; args=('auth', 'group')
[14/Aug/2018 17:58:33] DEBUG [django.db.backends:111] (0.109) SELECT "django_content_type"."id", "django_content_type"."app_label", "django_content_type"."model" FROM "django_content_type" WHERE ("django_content_type"."app_label" = 'auth' AND "django_content_type"."model" = 'user'); args=('auth', 'user')
[14/Aug/2018 17:58:33] DEBUG [django.db.backends:111] (0.109) SELECT "django_content_type"."id", "django_content_type"."app_label", "django_content_type"."model" FROM "django_content_type" WHERE ("django_content_type"."app_label" = 'auth' AND "django_content_type"."model" = 'user'); args=('auth', 'user')
[14/Aug/2018 17:58:34] DEBUG [django.db.backends:111] (0.234) INSERT INTO "django_content_type" ("app_label", "model") VALUES ('auth', 'user') RETURNING "django_content_type"."id"; args=('auth', 'user')
[14/Aug/2018 17:58:34] DEBUG [django.db.backends:111] (0.109) SELECT "auth_permission"."content_type_id", "auth_permission"."codename" FROM "auth_permission" INNER JOIN "django_content_type" ON ("auth_permission"."content_type_id" = "django_content_type"."id") WHERE "auth_permission"."content_type_id" IN (2, 3, 4) ORDER BY "django_content_type"."app_label" ASC, "django_content_type"."model" ASC, "auth_permission"."codename" ASC; args=(2, 3, 4)
[14/Aug/2018 17:58:34] DEBUG [django.db.backends:111] (0.219) INSERT INTO "auth_permission" ("name", "content_type_id", "codename") VALUES ('Can add permission', 2, 'add_permission'), ('Can change permission', 2, 'change_permission'), ('Can delete permission', 2, 'delete_permission'), ('Can view permission', 2, 'view_permission'), ('Can add group', 3, 'add_group'), ('Can change group', 3, 'change_group'), ('Can delete group', 3, 'delete_group'), ('Can view group', 3, 'view_group'), ('Can add user', 4, 'add_user'), ('Can change user', 4, 'change_user'), ('Can delete user', 4, 'delete_user'), ('Can view user', 4, 'view_user') RETURNING "auth_permission"."id"; args=('Can add permission', 2, 'add_permission', 'Can change permission', 2, 'change_permission', 'Can delete permission', 2, 'delete_permission', 'Can view permission', 2, 'view_permission', 'Can add group', 3, 'add_group', 'Can change group', 3, 'change_group', 'Can delete group', 3, 'delete_group', 'Can view group', 3, 'view_group', 'Can add user', 4, 'add_user', 'Can change user', 4, 'change_user', 'Can delete user', 4, 'delete_user', 'Can view user', 4, 'view_user')
[14/Aug/2018 17:58:34] DEBUG [django.db.backends:111] (0.109) SELECT "django_content_type"."id", "django_content_type"."app_label", "django_content_type"."model" FROM "django_content_type" WHERE "django_content_type"."app_label" = 'auth'; args=('auth',)
[14/Aug/2018 17:58:34] DEBUG [django.db.backends:111] (0.109) SELECT "django_content_type"."id", "django_content_type"."app_label", "django_content_type"."model" FROM "django_content_type" WHERE ("django_content_type"."app_label" = 'contenttypes' AND "django_content_type"."model" = 'contenttype'); args=('contenttypes', 'contenttype')
[14/Aug/2018 17:58:34] DEBUG [django.db.backends:111] (0.109) SELECT "django_content_type"."id", "django_content_type"."app_label", "django_content_type"."model" FROM "django_content_type" WHERE ("django_content_type"."app_label" = 'contenttypes' AND "django_content_type"."model" = 'contenttype'); args=('contenttypes', 'contenttype')
[14/Aug/2018 17:58:35] DEBUG [django.db.backends:111] (0.234) INSERT INTO "django_content_type" ("app_label", "model") VALUES ('contenttypes', 'contenttype') RETURNING "django_content_type"."id"; args=('contenttypes', 'contenttype')
[14/Aug/2018 17:58:35] DEBUG [django.db.backends:111] (0.109) SELECT "auth_permission"."content_type_id", "auth_permission"."codename" FROM "auth_permission" INNER JOIN "django_content_type" ON ("auth_permission"."content_type_id" = "django_content_type"."id") WHERE "auth_permission"."content_type_id" IN (5) ORDER BY "django_content_type"."app_label" ASC, "django_content_type"."model" ASC, "auth_permission"."codename" ASC; args=(5,)
[14/Aug/2018 17:58:35] DEBUG [django.db.backends:111] (0.219) INSERT INTO "auth_permission" ("name", "content_type_id", "codename") VALUES ('Can add content type', 5, 'add_contenttype'), ('Can change content type', 5, 'change_contenttype'), ('Can delete content type', 5, 'delete_contenttype'), ('Can view content type', 5, 'view_contenttype') RETURNING "auth_permission"."id"; args=('Can add content type', 5, 'add_contenttype', 'Can change content type', 5, 'change_contenttype', 'Can delete content type', 5, 'delete_contenttype', 'Can view content type', 5, 'view_contenttype')
[14/Aug/2018 17:58:35] DEBUG [django.db.backends:111] (0.109) SELECT "django_content_type"."id", "django_content_type"."app_label", "django_content_type"."model" FROM "django_content_type" WHERE "django_content_type"."app_label" = 'contenttypes'; args=('contenttypes',)
[14/Aug/2018 17:58:36] DEBUG [django.db.backends:111] (0.106) SELECT "django_content_type"."id", "django_content_type"."app_label", "django_content_type"."model" FROM "django_content_type" WHERE ("django_content_type"."app_label" = 'sessions' AND "django_content_type"."model" = 'session'); args=('sessions', 'session')
[14/Aug/2018 17:58:36] DEBUG [django.db.backends:111] (0.125) SELECT "django_content_type"."id", "django_content_type"."app_label", "django_content_type"."model" FROM "django_content_type" WHERE ("django_content_type"."app_label" = 'sessions' AND "django_content_type"."model" = 'session'); args=('sessions', 'session')
[14/Aug/2018 17:58:36] DEBUG [django.db.backends:111] (0.234) INSERT INTO "django_content_type" ("app_label", "model") VALUES ('sessions', 'session') RETURNING "django_content_type"."id"; args=('sessions', 'session')
[14/Aug/2018 17:58:36] DEBUG [django.db.backends:111] (0.109) SELECT "auth_permission"."content_type_id", "auth_permission"."codename" FROM "auth_permission" INNER JOIN "django_content_type" ON ("auth_permission"."content_type_id" = "django_content_type"."id") WHERE "auth_permission"."content_type_id" IN (6) ORDER BY "django_content_type"."app_label" ASC, "django_content_type"."model" ASC, "auth_permission"."codename" ASC; args=(6,)
[14/Aug/2018 17:58:36] DEBUG [django.db.backends:111] (0.219) INSERT INTO "auth_permission" ("name", "content_type_id", "codename") VALUES ('Can add session', 6, 'add_session'), ('Can change session', 6, 'change_session'), ('Can delete session', 6, 'delete_session'), ('Can view session', 6, 'view_session') RETURNING "auth_permission"."id"; args=('Can add session', 6, 'add_session', 'Can change session', 6, 'change_session', 'Can delete session', 6, 'delete_session', 'Can view session', 6, 'view_session')
[14/Aug/2018 17:58:37] DEBUG [django.db.backends:111] (0.109) SELECT "django_content_type"."id", "django_content_type"."app_label", "django_content_type"."model" FROM "django_content_type" WHERE "django_content_type"."app_label" = 'sessions'; args=('sessions',)
[14/Aug/2018 17:58:37] DEBUG [django.db.backends:111] (0.109) SELECT "django_content_type"."id", "django_content_type"."app_label", "django_content_type"."model" FROM "django_content_type" WHERE ("django_content_type"."app_label" = 'sites' AND "django_content_type"."model" = 'site'); args=('sites', 'site')
[14/Aug/2018 17:58:37] DEBUG [django.db.backends:111] (0.125) SELECT "django_content_type"."id", "django_content_type"."app_label", "django_content_type"."model" FROM "django_content_type" WHERE ("django_content_type"."app_label" = 'sites' AND "django_content_type"."model" = 'site'); args=('sites', 'site')
[14/Aug/2018 17:58:37] DEBUG [django.db.backends:111] (0.234) INSERT INTO "django_content_type" ("app_label", "model") VALUES ('sites', 'site') RETURNING "django_content_type"."id"; args=('sites', 'site')
[14/Aug/2018 17:58:37] DEBUG [django.db.backends:111] (0.125) SELECT "auth_permission"."content_type_id", "auth_permission"."codename" FROM "auth_permission" INNER JOIN "django_content_type" ON ("auth_permission"."content_type_id" = "django_content_type"."id") WHERE "auth_permission"."content_type_id" IN (7) ORDER BY "django_content_type"."app_label" ASC, "django_content_type"."model" ASC, "auth_permission"."codename" ASC; args=(7,)
[14/Aug/2018 17:58:37] DEBUG [django.db.backends:111] (0.219) INSERT INTO "auth_permission" ("name", "content_type_id", "codename") VALUES ('Can add site', 7, 'add_site'), ('Can change site', 7, 'change_site'), ('Can delete site', 7, 'delete_site'), ('Can view site', 7, 'view_site') RETURNING "auth_permission"."id"; args=('Can add site', 7, 'add_site', 'Can change site', 7, 'change_site', 'Can delete site', 7, 'delete_site', 'Can view site', 7, 'view_site')
[14/Aug/2018 17:58:38] DEBUG [django.db.backends:111] (0.109) SELECT "django_content_type"."id", "django_content_type"."app_label", "django_content_type"."model" FROM "django_content_type" WHERE "django_content_type"."app_label" = 'sites'; args=('sites',)
[14/Aug/2018 17:58:38] DEBUG [django.db.backends:111] (0.109) SELECT (1) AS "a" FROM "django_site"  LIMIT 1; args=()
[14/Aug/2018 17:58:38] DEBUG [django.db.backends:111] (0.234) UPDATE "django_site" SET "domain" = 'example.com', "name" = 'example.com' WHERE "django_site"."id" = 1; args=('example.com', 'example.com', 1)
[14/Aug/2018 17:58:38] DEBUG [django.db.backends:111] (0.125) INSERT INTO "django_site" ("id", "domain", "name") VALUES (1, 'example.com', 'example.com'); args=(1, 'example.com', 'example.com')
[14/Aug/2018 17:58:38] DEBUG [django.db.backends:111] (0.125) SELECT setval(pg_get_serial_sequence('"django_site"','id'), coalesce(max("id"), 1), max("id") IS NOT null) FROM "django_site";; args=None
[14/Aug/2018 17:58:39] DEBUG [django.db.backends:111] (0.109) SELECT "django_content_type"."id", "django_content_type"."app_label", "django_content_type"."model" FROM "django_content_type" WHERE "django_content_type"."app_label" = 'allauth'; args=('allauth',)
[14/Aug/2018 17:58:39] DEBUG [django.db.backends:111] (0.125) SELECT "django_content_type"."id", "django_content_type"."app_label", "django_content_type"."model" FROM "django_content_type" WHERE ("django_content_type"."app_label" = 'account' AND "django_content_type"."model" = 'emailaddress'); args=('account', 'emailaddress')
[14/Aug/2018 17:58:39] DEBUG [django.db.backends:111] (0.109) SELECT "django_content_type"."id", "django_content_type"."app_label", "django_content_type"."model" FROM "django_content_type" WHERE ("django_content_type"."app_label" = 'account' AND "django_content_type"."model" = 'emailaddress'); args=('account', 'emailaddress')
[14/Aug/2018 17:58:39] DEBUG [django.db.backends:111] (0.234) INSERT INTO "django_content_type" ("app_label", "model") VALUES ('account', 'emailaddress') RETURNING "django_content_type"."id"; args=('account', 'emailaddress')
[14/Aug/2018 17:58:39] DEBUG [django.db.backends:111] (0.109) SELECT "django_content_type"."id", "django_content_type"."app_label", "django_content_type"."model" FROM "django_content_type" WHERE ("django_content_type"."app_label" = 'account' AND "django_content_type"."model" = 'emailconfirmation'); args=('account', 'emailconfirmation')
[14/Aug/2018 17:58:39] DEBUG [django.db.backends:111] (0.109) SELECT "django_content_type"."id", "django_content_type"."app_label", "django_content_type"."model" FROM "django_content_type" WHERE ("django_content_type"."app_label" = 'account' AND "django_content_type"."model" = 'emailconfirmation'); args=('account', 'emailconfirmation')
[14/Aug/2018 17:58:40] DEBUG [django.db.backends:111] (0.219) INSERT INTO "django_content_type" ("app_label", "model") VALUES ('account', 'emailconfirmation') RETURNING "django_content_type"."id"; args=('account', 'emailconfirmation')
[14/Aug/2018 17:58:40] DEBUG [django.db.backends:111] (0.125) SELECT "auth_permission"."content_type_id", "auth_permission"."codename" FROM "auth_permission" INNER JOIN "django_content_type" ON ("auth_permission"."content_type_id" = "django_content_type"."id") WHERE "auth_permission"."content_type_id" IN (8, 9) ORDER BY "django_content_type"."app_label" ASC, "django_content_type"."model" ASC, "auth_permission"."codename" ASC; args=(8, 9)
[14/Aug/2018 17:58:40] DEBUG [django.db.backends:111] (0.219) INSERT INTO "auth_permission" ("name", "content_type_id", "codename") VALUES ('Can add email address', 8, 'add_emailaddress'), ('Can change email address', 8, 'change_emailaddress'), ('Can delete email address', 8, 'delete_emailaddress'), ('Can view email address', 8, 'view_emailaddress'), ('Can add email confirmation', 9, 'add_emailconfirmation'), ('Can change email confirmation', 9, 'change_emailconfirmation'), ('Can delete email confirmation', 9, 'delete_emailconfirmation'), ('Can view email confirmation', 9, 'view_emailconfirmation') RETURNING "auth_permission"."id"; args=('Can add email address', 8, 'add_emailaddress', 'Can change email address', 8, 'change_emailaddress', 'Can delete email address', 8, 'delete_emailaddress', 'Can view email address', 8, 'view_emailaddress', 'Can add email confirmation', 9, 'add_emailconfirmation', 'Can change email confirmation', 9, 'change_emailconfirmation', 'Can delete email confirmation', 9, 'delete_emailconfirmation', 'Can view email confirmation', 9, 'view_emailconfirmation')
[14/Aug/2018 17:58:40] DEBUG [django.db.backends:111] (0.125) SELECT "django_content_type"."id", "django_content_type"."app_label", "django_content_type"."model" FROM "django_content_type" WHERE "django_content_type"."app_label" = 'account'; args=('account',)
[14/Aug/2018 17:58:40] DEBUG [django.db.backends:111] (0.109) SELECT "django_content_type"."id", "django_content_type"."app_label", "django_content_type"."model" FROM "django_content_type" WHERE ("django_content_type"."app_label" = 'socialaccount' AND "django_content_type"."model" = 'socialaccount'); args=('socialaccount', 'socialaccount')
[14/Aug/2018 17:58:41] DEBUG [django.db.backends:111] (0.125) SELECT "django_content_type"."id", "django_content_type"."app_label", "django_content_type"."model" FROM "django_content_type" WHERE ("django_content_type"."app_label" = 'socialaccount' AND "django_content_type"."model" = 'socialaccount'); args=('socialaccount', 'socialaccount')
[14/Aug/2018 17:58:41] DEBUG [django.db.backends:111] (0.219) INSERT INTO "django_content_type" ("app_label", "model") VALUES ('socialaccount', 'socialaccount') RETURNING "django_content_type"."id"; args=('socialaccount', 'socialaccount')
[14/Aug/2018 17:58:41] DEBUG [django.db.backends:111] (0.125) SELECT "django_content_type"."id", "django_content_type"."app_label", "django_content_type"."model" FROM "django_content_type" WHERE ("django_content_type"."app_label" = 'socialaccount' AND "django_content_type"."model" = 'socialapp'); args=('socialaccount', 'socialapp')
[14/Aug/2018 17:58:41] DEBUG [django.db.backends:111] (0.109) SELECT "django_content_type"."id", "django_content_type"."app_label", "django_content_type"."model" FROM "django_content_type" WHERE ("django_content_type"."app_label" = 'socialaccount' AND "django_content_type"."model" = 'socialapp'); args=('socialaccount', 'socialapp')
[14/Aug/2018 17:58:41] DEBUG [django.db.backends:111] (0.234) INSERT INTO "django_content_type" ("app_label", "model") VALUES ('socialaccount', 'socialapp') RETURNING "django_content_type"."id"; args=('socialaccount', 'socialapp')
[14/Aug/2018 17:58:42] DEBUG [django.db.backends:111] (0.109) SELECT "django_content_type"."id", "django_content_type"."app_label", "django_content_type"."model" FROM "django_content_type" WHERE ("django_content_type"."app_label" = 'socialaccount' AND "django_content_type"."model" = 'socialtoken'); args=('socialaccount', 'socialtoken')
[14/Aug/2018 17:58:42] DEBUG [django.db.backends:111] (0.109) SELECT "django_content_type"."id", "django_content_type"."app_label", "django_content_type"."model" FROM "django_content_type" WHERE ("django_content_type"."app_label" = 'socialaccount' AND "django_content_type"."model" = 'socialtoken'); args=('socialaccount', 'socialtoken')
[14/Aug/2018 17:58:42] DEBUG [django.db.backends:111] (0.250) INSERT INTO "django_content_type" ("app_label", "model") VALUES ('socialaccount', 'socialtoken') RETURNING "django_content_type"."id"; args=('socialaccount', 'socialtoken')
[14/Aug/2018 17:58:42] DEBUG [django.db.backends:111] (0.125) SELECT "auth_permission"."content_type_id", "auth_permission"."codename" FROM "auth_permission" INNER JOIN "django_content_type" ON ("auth_permission"."content_type_id" = "django_content_type"."id") WHERE "auth_permission"."content_type_id" IN (10, 11, 12) ORDER BY "django_content_type"."app_label" ASC, "django_content_type"."model" ASC, "auth_permission"."codename" ASC; args=(10, 11, 12)
[14/Aug/2018 17:58:42] DEBUG [django.db.backends:111] (0.224) INSERT INTO "auth_permission" ("name", "content_type_id", "codename") VALUES ('Can add social account', 10, 'add_socialaccount'), ('Can change social account', 10, 'change_socialaccount'), ('Can delete social account', 10, 'delete_socialaccount'), ('Can view social account', 10, 'view_socialaccount'), ('Can add social application', 11, 'add_socialapp'), ('Can change social application', 11, 'change_socialapp'), ('Can delete social application', 11, 'delete_socialapp'), ('Can view social application', 11, 'view_socialapp'), ('Can add social application token', 12, 'add_socialtoken'), ('Can change social application token', 12, 'change_socialtoken'), ('Can delete social application token', 12, 'delete_socialtoken'), ('Can view social application token', 12, 'view_socialtoken') RETURNING "auth_permission"."id"; args=('Can add social account', 10, 'add_socialaccount', 'Can change social account', 10, 'change_socialaccount', 'Can delete social account', 10, 'delete_socialaccount', 'Can view social account', 10, 'view_socialaccount', 'Can add social application', 11, 'add_socialapp', 'Can change social application', 11, 'change_socialapp', 'Can delete social application', 11, 'delete_socialapp', 'Can view social application', 11, 'view_socialapp', 'Can add social application token', 12, 'add_socialtoken', 'Can change social application token', 12, 'change_socialtoken', 'Can delete social application token', 12, 'delete_socialtoken', 'Can view social application token', 12, 'view_socialtoken')
[14/Aug/2018 17:58:43] DEBUG [django.db.backends:111] (0.123) SELECT "django_content_type"."id", "django_content_type"."app_label", "django_content_type"."model" FROM "django_content_type" WHERE "django_content_type"."app_label" = 'socialaccount'; args=('socialaccount',)
[14/Aug/2018 17:58:59] DEBUG [django.db.backends:111] (0.125) 
            SELECT c.relname, c.relkind
            FROM pg_catalog.pg_class c
            LEFT JOIN pg_catalog.pg_namespace n ON n.oid = c.relnamespace
            WHERE c.relkind IN ('r', 'v')
                AND n.nspname NOT IN ('pg_catalog', 'pg_toast')
                AND pg_catalog.pg_table_is_visible(c.oid); args=None
[14/Aug/2018 17:58:59] DEBUG [django.db.backends:111] (0.109) SELECT "django_migrations"."app", "django_migrations"."name" FROM "django_migrations"; args=()
[14/Aug/2018 17:58:59] DEBUG [django.db.backends:111] (0.109) SELECT "auth_user"."id", "auth_user"."password", "auth_user"."last_login", "auth_user"."is_superuser", "auth_user"."username", "auth_user"."first_name", "auth_user"."last_name", "auth_user"."email", "auth_user"."is_staff", "auth_user"."is_active", "auth_user"."date_joined" FROM "auth_user" WHERE "auth_user"."username" = 'asullom'; args=('asullom',)
[14/Aug/2018 17:59:03] DEBUG [django.db.backends:111] (0.109) SELECT "auth_user"."id", "auth_user"."password", "auth_user"."last_login", "auth_user"."is_superuser", "auth_user"."username", "auth_user"."first_name", "auth_user"."last_name", "auth_user"."email", "auth_user"."is_staff", "auth_user"."is_active", "auth_user"."date_joined" FROM "auth_user" WHERE "auth_user"."username" = 'admin'; args=('admin',)
[14/Aug/2018 17:59:15] DEBUG [django.db.backends:111] (0.219) INSERT INTO "auth_user" ("password", "last_login", "is_superuser", "username", "first_name", "last_name", "email", "is_staff", "is_active", "date_joined") VALUES ('pbkdf2_sha256$120000$HQgZEoQpRxr8$sM2UrVGp855QzYBGC3KSnSfIfzKPKJkbzwTzu5ZP3FQ=', NULL, true, 'admin', '', '', 'asullom@gmail.com', true, true, '2018-08-14T22:59:15.007794+00:00'::timestamptz) RETURNING "auth_user"."id"; args=('pbkdf2_sha256$120000$HQgZEoQpRxr8$sM2UrVGp855QzYBGC3KSnSfIfzKPKJkbzwTzu5ZP3FQ=', None, True, 'admin', '', '', 'asullom@gmail.com', True, True, datetime.datetime(2018, 8, 14, 22, 59, 15, 7794, tzinfo=<UTC>))
[14/Aug/2018 18:25:37] DEBUG [django.db.backends:111] (0.109) 
            SELECT c.relname, c.relkind
            FROM pg_catalog.pg_class c
            LEFT JOIN pg_catalog.pg_namespace n ON n.oid = c.relnamespace
            WHERE c.relkind IN ('r', 'v')
                AND n.nspname NOT IN ('pg_catalog', 'pg_toast')
                AND pg_catalog.pg_table_is_visible(c.oid); args=None
[14/Aug/2018 18:25:37] DEBUG [django.db.backends:111] (0.109) SELECT "django_migrations"."app", "django_migrations"."name" FROM "django_migrations"; args=()
[14/Aug/2018 18:25:46] DEBUG [django.db.backends:111] (0.111) SELECT "django_session"."session_key", "django_session"."session_data", "django_session"."expire_date" FROM "django_session" WHERE ("django_session"."expire_date" > '2018-08-14T23:25:45.769374+00:00'::timestamptz AND "django_session"."session_key" = 'aeguoexapmkw5836sh5aqoy84dqn2od9'); args=(datetime.datetime(2018, 8, 14, 23, 25, 45, 769374, tzinfo=<UTC>), 'aeguoexapmkw5836sh5aqoy84dqn2od9')
[14/Aug/2018 18:25:46] INFO [django.server:124] "GET /admin/logout/ HTTP/1.1" 302 0
[14/Aug/2018 18:25:46] INFO [django.server:124] "GET /admin/ HTTP/1.1" 302 0
[14/Aug/2018 18:25:47] DEBUG [django.db.backends:111] (0.116) SELECT "django_site"."id", "django_site"."domain", "django_site"."name" FROM "django_site" WHERE "django_site"."id" = 1; args=(1,)
[14/Aug/2018 18:25:47] DEBUG [django.template:872] Exception while resolving variable 'is_popup' in template 'admin/login.html'.
Traceback (most recent call last):
  File "C:\Users\asullom\.virtualenvs\nlotes_serve-u3riQcTX\lib\site-packages\django\template\base.py", line 829, in _resolve_lookup
    current = current[bit]
  File "C:\Users\asullom\.virtualenvs\nlotes_serve-u3riQcTX\lib\site-packages\django\template\context.py", line 83, in __getitem__
    raise KeyError(key)
KeyError: 'is_popup'

During handling of the above exception, another exception occurred:

Traceback (most recent call last):
  File "C:\Users\asullom\.virtualenvs\nlotes_serve-u3riQcTX\lib\site-packages\django\template\base.py", line 835, in _resolve_lookup
    if isinstance(current, BaseContext) and getattr(type(current), bit):
AttributeError: type object 'RequestContext' has no attribute 'is_popup'

During handling of the above exception, another exception occurred:

Traceback (most recent call last):
  File "C:\Users\asullom\.virtualenvs\nlotes_serve-u3riQcTX\lib\site-packages\django\template\base.py", line 843, in _resolve_lookup
    current = current[int(bit)]
ValueError: invalid literal for int() with base 10: 'is_popup'

During handling of the above exception, another exception occurred:

Traceback (most recent call last):
  File "C:\Users\asullom\.virtualenvs\nlotes_serve-u3riQcTX\lib\site-packages\django\template\base.py", line 850, in _resolve_lookup
    (bit, current))  # missing attribute
django.template.base.VariableDoesNotExist: Failed lookup for key [is_popup] in [{'True': True, 'False': False, 'None': None}, {'csrf_token': <SimpleLazyObject: 'E2smbJ5iXVvREKGaEgEUhaZw6rCxBnstBnBk7qkOw80EmeXAUhzEB6nfSFklklEZ'>, 'debug': True, 'sql_queries': <function debug.<locals>.<lambda> at 0x000001E39C28D950>, 'request': <WSGIRequest: GET '/admin/login/?next=/admin/'>, 'user': <SimpleLazyObject: <django.contrib.auth.models.AnonymousUser object at 0x000001E39C244128>>, 'perms': <django.contrib.auth.context_processors.PermWrapper object at 0x000001E39C291390>, 'messages': <django.contrib.messages.storage.fallback.FallbackStorage object at 0x000001E39C244048>, 'DEFAULT_MESSAGE_LEVELS': {'DEBUG': 10, 'INFO': 20, 'SUCCESS': 25, 'WARNING': 30, 'ERROR': 40}, 'LANGUAGES': [('af', 'Afrikaans'), ('ar', 'Arabic'), ('ast', 'Asturian'), ('az', 'Azerbaijani'), ('bg', 'Bulgarian'), ('be', 'Belarusian'), ('bn', 'Bengali'), ('br', 'Breton'), ('bs', 'Bosnian'), ('ca', 'Catalan'), ('cs', 'Czech'), ('cy', 'Welsh'), ('da', 'Danish'), ('de', 'German'), ('dsb', 'Lower Sorbian'), ('el', 'Greek'), ('en', 'English'), ('en-au', 'Australian English'), ('en-gb', 'British English'), ('eo', 'Esperanto'), ('es', 'Spanish'), ('es-ar', 'Argentinian Spanish'), ('es-co', 'Colombian Spanish'), ('es-mx', 'Mexican Spanish'), ('es-ni', 'Nicaraguan Spanish'), ('es-ve', 'Venezuelan Spanish'), ('et', 'Estonian'), ('eu', 'Basque'), ('fa', 'Persian'), ('fi', 'Finnish'), ('fr', 'French'), ('fy', 'Frisian'), ('ga', 'Irish'), ('gd', 'Scottish Gaelic'), ('gl', 'Galician'), ('he', 'Hebrew'), ('hi', 'Hindi'), ('hr', 'Croatian'), ('hsb', 'Upper Sorbian'), ('hu', 'Hungarian'), ('ia', 'Interlingua'), ('id', 'Indonesian'), ('io', 'Ido'), ('is', 'Icelandic'), ('it', 'Italian'), ('ja', 'Japanese'), ('ka', 'Georgian'), ('kab', 'Kabyle'), ('kk', 'Kazakh'), ('km', 'Khmer'), ('kn', 'Kannada'), ('ko', 'Korean'), ('lb', 'Luxembourgish'), ('lt', 'Lithuanian'), ('lv', 'Latvian'), ('mk', 'Macedonian'), ('ml', 'Malayalam'), ('mn', 'Mongolian'), ('mr', 'Marathi'), ('my', 'Burmese'), ('nb', 'Norwegian Bokmål'), ('ne', 'Nepali'), ('nl', 'Dutch'), ('nn', 'Norwegian Nynorsk'), ('os', 'Ossetic'), ('pa', 'Punjabi'), ('pl', 'Polish'), ('pt', 'Portuguese'), ('pt-br', 'Brazilian Portuguese'), ('ro', 'Romanian'), ('ru', 'Russian'), ('sk', 'Slovak'), ('sl', 'Slovenian'), ('sq', 'Albanian'), ('sr', 'Serbian'), ('sr-latn', 'Serbian Latin'), ('sv', 'Swedish'), ('sw', 'Swahili'), ('ta', 'Tamil'), ('te', 'Telugu'), ('th', 'Thai'), ('tr', 'Turkish'), ('tt', 'Tatar'), ('udm', 'Udmurt'), ('uk', 'Ukrainian'), ('ur', 'Urdu'), ('vi', 'Vietnamese'), ('zh-hans', 'Simplified Chinese'), ('zh-hant', 'Traditional Chinese')], 'LANGUAGE_CODE': 'es', 'LANGUAGE_BIDI': False, 'MEDIA_URL': '', 'STATIC_URL': '/static/', 'TIME_ZONE': 'UTC'}, {}, {'form': <AdminAuthenticationForm bound=False, valid=False, fields=(username;password)>, 'view': <django.contrib.auth.views.LoginView object at 0x000001E39BF91828>, 'site_title': 'Sitio de administración de Django', 'site_header': 'Administración de Django', 'site_url': '/', 'has_permission': False, 'available_apps': [], 'title': 'Iniciar sesión', 'app_path': '/admin/login/?next=/admin/', 'username': '', 'next': '/admin/', 'site': <Site: example.com>, 'site_name': 'example.com', 'LANGUAGE_CODE': 'es', 'LANGUAGE_BIDI': False}]
[14/Aug/2018 18:25:47] DEBUG [django.template:872] Exception while resolving variable 'is_popup' in template 'admin/login.html'.
Traceback (most recent call last):
  File "C:\Users\asullom\.virtualenvs\nlotes_serve-u3riQcTX\lib\site-packages\django\template\base.py", line 829, in _resolve_lookup
    current = current[bit]
  File "C:\Users\asullom\.virtualenvs\nlotes_serve-u3riQcTX\lib\site-packages\django\template\context.py", line 83, in __getitem__
    raise KeyError(key)
KeyError: 'is_popup'

During handling of the above exception, another exception occurred:

Traceback (most recent call last):
  File "C:\Users\asullom\.virtualenvs\nlotes_serve-u3riQcTX\lib\site-packages\django\template\base.py", line 835, in _resolve_lookup
    if isinstance(current, BaseContext) and getattr(type(current), bit):
AttributeError: type object 'RequestContext' has no attribute 'is_popup'

During handling of the above exception, another exception occurred:

Traceback (most recent call last):
  File "C:\Users\asullom\.virtualenvs\nlotes_serve-u3riQcTX\lib\site-packages\django\template\base.py", line 843, in _resolve_lookup
    current = current[int(bit)]
ValueError: invalid literal for int() with base 10: 'is_popup'

During handling of the above exception, another exception occurred:

Traceback (most recent call last):
  File "C:\Users\asullom\.virtualenvs\nlotes_serve-u3riQcTX\lib\site-packages\django\template\base.py", line 850, in _resolve_lookup
    (bit, current))  # missing attribute
django.template.base.VariableDoesNotExist: Failed lookup for key [is_popup] in [{'True': True, 'False': False, 'None': None}, {'csrf_token': <SimpleLazyObject: 'E2smbJ5iXVvREKGaEgEUhaZw6rCxBnstBnBk7qkOw80EmeXAUhzEB6nfSFklklEZ'>, 'debug': True, 'sql_queries': <function debug.<locals>.<lambda> at 0x000001E39C28D950>, 'request': <WSGIRequest: GET '/admin/login/?next=/admin/'>, 'user': <SimpleLazyObject: <django.contrib.auth.models.AnonymousUser object at 0x000001E39C244128>>, 'perms': <django.contrib.auth.context_processors.PermWrapper object at 0x000001E39C291390>, 'messages': <django.contrib.messages.storage.fallback.FallbackStorage object at 0x000001E39C244048>, 'DEFAULT_MESSAGE_LEVELS': {'DEBUG': 10, 'INFO': 20, 'SUCCESS': 25, 'WARNING': 30, 'ERROR': 40}, 'LANGUAGES': [('af', 'Afrikaans'), ('ar', 'Arabic'), ('ast', 'Asturian'), ('az', 'Azerbaijani'), ('bg', 'Bulgarian'), ('be', 'Belarusian'), ('bn', 'Bengali'), ('br', 'Breton'), ('bs', 'Bosnian'), ('ca', 'Catalan'), ('cs', 'Czech'), ('cy', 'Welsh'), ('da', 'Danish'), ('de', 'German'), ('dsb', 'Lower Sorbian'), ('el', 'Greek'), ('en', 'English'), ('en-au', 'Australian English'), ('en-gb', 'British English'), ('eo', 'Esperanto'), ('es', 'Spanish'), ('es-ar', 'Argentinian Spanish'), ('es-co', 'Colombian Spanish'), ('es-mx', 'Mexican Spanish'), ('es-ni', 'Nicaraguan Spanish'), ('es-ve', 'Venezuelan Spanish'), ('et', 'Estonian'), ('eu', 'Basque'), ('fa', 'Persian'), ('fi', 'Finnish'), ('fr', 'French'), ('fy', 'Frisian'), ('ga', 'Irish'), ('gd', 'Scottish Gaelic'), ('gl', 'Galician'), ('he', 'Hebrew'), ('hi', 'Hindi'), ('hr', 'Croatian'), ('hsb', 'Upper Sorbian'), ('hu', 'Hungarian'), ('ia', 'Interlingua'), ('id', 'Indonesian'), ('io', 'Ido'), ('is', 'Icelandic'), ('it', 'Italian'), ('ja', 'Japanese'), ('ka', 'Georgian'), ('kab', 'Kabyle'), ('kk', 'Kazakh'), ('km', 'Khmer'), ('kn', 'Kannada'), ('ko', 'Korean'), ('lb', 'Luxembourgish'), ('lt', 'Lithuanian'), ('lv', 'Latvian'), ('mk', 'Macedonian'), ('ml', 'Malayalam'), ('mn', 'Mongolian'), ('mr', 'Marathi'), ('my', 'Burmese'), ('nb', 'Norwegian Bokmål'), ('ne', 'Nepali'), ('nl', 'Dutch'), ('nn', 'Norwegian Nynorsk'), ('os', 'Ossetic'), ('pa', 'Punjabi'), ('pl', 'Polish'), ('pt', 'Portuguese'), ('pt-br', 'Brazilian Portuguese'), ('ro', 'Romanian'), ('ru', 'Russian'), ('sk', 'Slovak'), ('sl', 'Slovenian'), ('sq', 'Albanian'), ('sr', 'Serbian'), ('sr-latn', 'Serbian Latin'), ('sv', 'Swedish'), ('sw', 'Swahili'), ('ta', 'Tamil'), ('te', 'Telugu'), ('th', 'Thai'), ('tr', 'Turkish'), ('tt', 'Tatar'), ('udm', 'Udmurt'), ('uk', 'Ukrainian'), ('ur', 'Urdu'), ('vi', 'Vietnamese'), ('zh-hans', 'Simplified Chinese'), ('zh-hant', 'Traditional Chinese')], 'LANGUAGE_CODE': 'es', 'LANGUAGE_BIDI': False, 'MEDIA_URL': '', 'STATIC_URL': '/static/', 'TIME_ZONE': 'UTC'}, {}, {'form': <AdminAuthenticationForm bound=False, valid=False, fields=(username;password)>, 'view': <django.contrib.auth.views.LoginView object at 0x000001E39BF91828>, 'site_title': 'Sitio de administración de Django', 'site_header': 'Administración de Django', 'site_url': '/', 'has_permission': False, 'available_apps': [], 'title': 'Iniciar sesión', 'app_path': '/admin/login/?next=/admin/', 'username': '', 'next': '/admin/', 'site': <Site: example.com>, 'site_name': 'example.com', 'LANGUAGE_CODE': 'es', 'LANGUAGE_BIDI': False}]
[14/Aug/2018 18:25:47] INFO [django.server:124] "GET /admin/login/?next=/admin/ HTTP/1.1" 200 11382
[14/Aug/2018 18:25:47] INFO [django.server:124] "GET /static/admin/css/base.css HTTP/1.1" 304 0
[14/Aug/2018 18:25:47] INFO [django.server:124] "GET /static/admin/css/login.css HTTP/1.1" 200 1203
[14/Aug/2018 18:25:47] INFO [django.server:124] "GET /static/admin/css/responsive.css HTTP/1.1" 304 0
[14/Aug/2018 18:25:47] INFO [django.server:124] "GET /static/debug_toolbar/css/toolbar.css HTTP/1.1" 304 0
[14/Aug/2018 18:25:47] INFO [django.server:124] "GET /static/debug_toolbar/js/jquery_pre.js HTTP/1.1" 304 0
[14/Aug/2018 18:25:47] INFO [django.server:124] "GET /static/debug_toolbar/js/jquery_post.js HTTP/1.1" 304 0
[14/Aug/2018 18:25:48] INFO [django.server:124] "GET /static/admin/css/fonts.css HTTP/1.1" 304 0
[14/Aug/2018 18:25:48] INFO [django.server:124] "GET /static/debug_toolbar/js/toolbar.js HTTP/1.1" 304 0
[14/Aug/2018 18:25:48] INFO [django.server:124] "GET /static/debug_toolbar/img/ajax-loader.gif HTTP/1.1" 304 0
[14/Aug/2018 18:25:48] INFO [django.server:124] "GET /static/debug_toolbar/css/print.css HTTP/1.1" 304 0
[14/Aug/2018 18:25:48] INFO [django.server:124] "GET /static/admin/fonts/Roboto-Regular-webfont.woff HTTP/1.1" 304 0
[14/Aug/2018 18:25:48] INFO [django.server:124] "GET /static/admin/fonts/Roboto-Light-webfont.woff HTTP/1.1" 304 0
[14/Aug/2018 18:25:56] DEBUG [django.template:872] Exception while resolving variable 'scope' in template 'account/login.html'.
Traceback (most recent call last):
  File "C:\Users\asullom\.virtualenvs\nlotes_serve-u3riQcTX\lib\site-packages\django\template\base.py", line 829, in _resolve_lookup
    current = current[bit]
  File "C:\Users\asullom\.virtualenvs\nlotes_serve-u3riQcTX\lib\site-packages\django\template\context.py", line 83, in __getitem__
    raise KeyError(key)
KeyError: 'scope'

During handling of the above exception, another exception occurred:

Traceback (most recent call last):
  File "C:\Users\asullom\.virtualenvs\nlotes_serve-u3riQcTX\lib\site-packages\django\template\base.py", line 835, in _resolve_lookup
    if isinstance(current, BaseContext) and getattr(type(current), bit):
AttributeError: type object 'RequestContext' has no attribute 'scope'

During handling of the above exception, another exception occurred:

Traceback (most recent call last):
  File "C:\Users\asullom\.virtualenvs\nlotes_serve-u3riQcTX\lib\site-packages\django\template\base.py", line 843, in _resolve_lookup
    current = current[int(bit)]
ValueError: invalid literal for int() with base 10: 'scope'

During handling of the above exception, another exception occurred:

Traceback (most recent call last):
  File "C:\Users\asullom\.virtualenvs\nlotes_serve-u3riQcTX\lib\site-packages\django\template\base.py", line 850, in _resolve_lookup
    (bit, current))  # missing attribute
django.template.base.VariableDoesNotExist: Failed lookup for key [scope] in [{'True': True, 'False': False, 'None': None}, {'csrf_token': <SimpleLazyObject: 'oRgO04BAJ5l1H6PSk6TXcqb3YfL3hYJZlcpMWLQ6iiQOpA6iA7OHwmzMKttR0WVv'>, 'debug': True, 'sql_queries': <function debug.<locals>.<lambda> at 0x000001E39C329158>, 'request': <WSGIRequest: GET '/accounts/login/'>, 'user': <SimpleLazyObject: <django.contrib.auth.models.AnonymousUser object at 0x000001E39C308518>>, 'perms': <django.contrib.auth.context_processors.PermWrapper object at 0x000001E39C2F67F0>, 'messages': <django.contrib.messages.storage.fallback.FallbackStorage object at 0x000001E39C308128>, 'DEFAULT_MESSAGE_LEVELS': {'DEBUG': 10, 'INFO': 20, 'SUCCESS': 25, 'WARNING': 30, 'ERROR': 40}, 'LANGUAGES': [('af', 'Afrikaans'), ('ar', 'Arabic'), ('ast', 'Asturian'), ('az', 'Azerbaijani'), ('bg', 'Bulgarian'), ('be', 'Belarusian'), ('bn', 'Bengali'), ('br', 'Breton'), ('bs', 'Bosnian'), ('ca', 'Catalan'), ('cs', 'Czech'), ('cy', 'Welsh'), ('da', 'Danish'), ('de', 'German'), ('dsb', 'Lower Sorbian'), ('el', 'Greek'), ('en', 'English'), ('en-au', 'Australian English'), ('en-gb', 'British English'), ('eo', 'Esperanto'), ('es', 'Spanish'), ('es-ar', 'Argentinian Spanish'), ('es-co', 'Colombian Spanish'), ('es-mx', 'Mexican Spanish'), ('es-ni', 'Nicaraguan Spanish'), ('es-ve', 'Venezuelan Spanish'), ('et', 'Estonian'), ('eu', 'Basque'), ('fa', 'Persian'), ('fi', 'Finnish'), ('fr', 'French'), ('fy', 'Frisian'), ('ga', 'Irish'), ('gd', 'Scottish Gaelic'), ('gl', 'Galician'), ('he', 'Hebrew'), ('hi', 'Hindi'), ('hr', 'Croatian'), ('hsb', 'Upper Sorbian'), ('hu', 'Hungarian'), ('ia', 'Interlingua'), ('id', 'Indonesian'), ('io', 'Ido'), ('is', 'Icelandic'), ('it', 'Italian'), ('ja', 'Japanese'), ('ka', 'Georgian'), ('kab', 'Kabyle'), ('kk', 'Kazakh'), ('km', 'Khmer'), ('kn', 'Kannada'), ('ko', 'Korean'), ('lb', 'Luxembourgish'), ('lt', 'Lithuanian'), ('lv', 'Latvian'), ('mk', 'Macedonian'), ('ml', 'Malayalam'), ('mn', 'Mongolian'), ('mr', 'Marathi'), ('my', 'Burmese'), ('nb', 'Norwegian Bokmål'), ('ne', 'Nepali'), ('nl', 'Dutch'), ('nn', 'Norwegian Nynorsk'), ('os', 'Ossetic'), ('pa', 'Punjabi'), ('pl', 'Polish'), ('pt', 'Portuguese'), ('pt-br', 'Brazilian Portuguese'), ('ro', 'Romanian'), ('ru', 'Russian'), ('sk', 'Slovak'), ('sl', 'Slovenian'), ('sq', 'Albanian'), ('sr', 'Serbian'), ('sr-latn', 'Serbian Latin'), ('sv', 'Swedish'), ('sw', 'Swahili'), ('ta', 'Tamil'), ('te', 'Telugu'), ('th', 'Thai'), ('tr', 'Turkish'), ('tt', 'Tatar'), ('udm', 'Udmurt'), ('uk', 'Ukrainian'), ('ur', 'Urdu'), ('vi', 'Vietnamese'), ('zh-hans', 'Simplified Chinese'), ('zh-hant', 'Traditional Chinese')], 'LANGUAGE_CODE': 'es', 'LANGUAGE_BIDI': False, 'MEDIA_URL': '', 'STATIC_URL': '/static/', 'TIME_ZONE': 'UTC'}, {}, {'form': <LoginForm bound=False, valid=False, fields=(login;password)>, 'view': <allauth.account.views.LoginView object at 0x000001E39C30DC88>, 'signup_url': '/accounts/signup/', 'site': <Site: example.com>, 'redirect_field_name': 'next', 'redirect_field_value': None}, {'block': <Block Node: body. Contents: [<TextNode: '\n\n    '>, <IfNode>, <TextNode: '\n\n    <div>\n      <strong'>, <IfNode>, <TextNode: '\n      </ul>\n    </div>\n '>, <Block Node: content. Contents: [<TextNode: '\n    '>]>, <TextNode: '\n    '>]>}, {'block': <Block Node: content. Contents: [<TextNode: '\n\n<h1>'>, <django.templatetags.i18n.TranslateNode object at 0x000001E39C2F6A58>, <TextNode: '</h1>\n\n'>, <django.template.library.SimpleNode object at 0x000001E39C2F6EB8>, <TextNode: '\n\n'>, <IfNode>, <TextNode: '\n\n<form class="login" met'>, <django.template.defaulttags.URLNode object at 0x000001E39C30D828>, <TextNode: '">\n  '>, <django.template.defaulttags.CsrfTokenNode object at 0x000001E39C30D908>, <TextNode: '\n  '>, <Variable Node: form.as_p>, <TextNode: '\n  '>, <IfNode>, <TextNode: '\n  <a class="button secon'>, <django.template.defaulttags.URLNode object at 0x000001E39C2EECC0>, <TextNode: '">'>, <django.templatetags.i18n.TranslateNode object at 0x000001E39C3126D8>, <TextNode: '</a>\n  <button class="pri'>, <django.templatetags.i18n.TranslateNode object at 0x000001E39C3129E8>, <TextNode: '</button>\n</form>\n\n'>]>, 'socialaccount_providers': [<allauth.socialaccount.providers.google.provider.GoogleProvider object at 0x000001E39C312F98>]}, {'process': 'login', 'socialaccount_providers': [<allauth.socialaccount.providers.google.provider.GoogleProvider object at 0x000001E39C33A9E8>]}, {'forloop': {'parentloop': {}, 'counter0': 0, 'counter': 1, 'revcounter': 1, 'revcounter0': 0, 'first': True, 'last': True}, 'provider': <allauth.socialaccount.providers.google.provider.GoogleProvider object at 0x000001E39C33A9E8>}]
[14/Aug/2018 18:25:56] DEBUG [django.template:872] Exception while resolving variable 'auth_params' in template 'account/login.html'.
Traceback (most recent call last):
  File "C:\Users\asullom\.virtualenvs\nlotes_serve-u3riQcTX\lib\site-packages\django\template\base.py", line 829, in _resolve_lookup
    current = current[bit]
  File "C:\Users\asullom\.virtualenvs\nlotes_serve-u3riQcTX\lib\site-packages\django\template\context.py", line 83, in __getitem__
    raise KeyError(key)
KeyError: 'auth_params'

During handling of the above exception, another exception occurred:

Traceback (most recent call last):
  File "C:\Users\asullom\.virtualenvs\nlotes_serve-u3riQcTX\lib\site-packages\django\template\base.py", line 835, in _resolve_lookup
    if isinstance(current, BaseContext) and getattr(type(current), bit):
AttributeError: type object 'RequestContext' has no attribute 'auth_params'

During handling of the above exception, another exception occurred:

Traceback (most recent call last):
  File "C:\Users\asullom\.virtualenvs\nlotes_serve-u3riQcTX\lib\site-packages\django\template\base.py", line 843, in _resolve_lookup
    current = current[int(bit)]
ValueError: invalid literal for int() with base 10: 'auth_params'

During handling of the above exception, another exception occurred:

Traceback (most recent call last):
  File "C:\Users\asullom\.virtualenvs\nlotes_serve-u3riQcTX\lib\site-packages\django\template\base.py", line 850, in _resolve_lookup
    (bit, current))  # missing attribute
django.template.base.VariableDoesNotExist: Failed lookup for key [auth_params] in [{'True': True, 'False': False, 'None': None}, {'csrf_token': <SimpleLazyObject: 'oRgO04BAJ5l1H6PSk6TXcqb3YfL3hYJZlcpMWLQ6iiQOpA6iA7OHwmzMKttR0WVv'>, 'debug': True, 'sql_queries': <function debug.<locals>.<lambda> at 0x000001E39C329158>, 'request': <WSGIRequest: GET '/accounts/login/'>, 'user': <SimpleLazyObject: <django.contrib.auth.models.AnonymousUser object at 0x000001E39C308518>>, 'perms': <django.contrib.auth.context_processors.PermWrapper object at 0x000001E39C2F67F0>, 'messages': <django.contrib.messages.storage.fallback.FallbackStorage object at 0x000001E39C308128>, 'DEFAULT_MESSAGE_LEVELS': {'DEBUG': 10, 'INFO': 20, 'SUCCESS': 25, 'WARNING': 30, 'ERROR': 40}, 'LANGUAGES': [('af', 'Afrikaans'), ('ar', 'Arabic'), ('ast', 'Asturian'), ('az', 'Azerbaijani'), ('bg', 'Bulgarian'), ('be', 'Belarusian'), ('bn', 'Bengali'), ('br', 'Breton'), ('bs', 'Bosnian'), ('ca', 'Catalan'), ('cs', 'Czech'), ('cy', 'Welsh'), ('da', 'Danish'), ('de', 'German'), ('dsb', 'Lower Sorbian'), ('el', 'Greek'), ('en', 'English'), ('en-au', 'Australian English'), ('en-gb', 'British English'), ('eo', 'Esperanto'), ('es', 'Spanish'), ('es-ar', 'Argentinian Spanish'), ('es-co', 'Colombian Spanish'), ('es-mx', 'Mexican Spanish'), ('es-ni', 'Nicaraguan Spanish'), ('es-ve', 'Venezuelan Spanish'), ('et', 'Estonian'), ('eu', 'Basque'), ('fa', 'Persian'), ('fi', 'Finnish'), ('fr', 'French'), ('fy', 'Frisian'), ('ga', 'Irish'), ('gd', 'Scottish Gaelic'), ('gl', 'Galician'), ('he', 'Hebrew'), ('hi', 'Hindi'), ('hr', 'Croatian'), ('hsb', 'Upper Sorbian'), ('hu', 'Hungarian'), ('ia', 'Interlingua'), ('id', 'Indonesian'), ('io', 'Ido'), ('is', 'Icelandic'), ('it', 'Italian'), ('ja', 'Japanese'), ('ka', 'Georgian'), ('kab', 'Kabyle'), ('kk', 'Kazakh'), ('km', 'Khmer'), ('kn', 'Kannada'), ('ko', 'Korean'), ('lb', 'Luxembourgish'), ('lt', 'Lithuanian'), ('lv', 'Latvian'), ('mk', 'Macedonian'), ('ml', 'Malayalam'), ('mn', 'Mongolian'), ('mr', 'Marathi'), ('my', 'Burmese'), ('nb', 'Norwegian Bokmål'), ('ne', 'Nepali'), ('nl', 'Dutch'), ('nn', 'Norwegian Nynorsk'), ('os', 'Ossetic'), ('pa', 'Punjabi'), ('pl', 'Polish'), ('pt', 'Portuguese'), ('pt-br', 'Brazilian Portuguese'), ('ro', 'Romanian'), ('ru', 'Russian'), ('sk', 'Slovak'), ('sl', 'Slovenian'), ('sq', 'Albanian'), ('sr', 'Serbian'), ('sr-latn', 'Serbian Latin'), ('sv', 'Swedish'), ('sw', 'Swahili'), ('ta', 'Tamil'), ('te', 'Telugu'), ('th', 'Thai'), ('tr', 'Turkish'), ('tt', 'Tatar'), ('udm', 'Udmurt'), ('uk', 'Ukrainian'), ('ur', 'Urdu'), ('vi', 'Vietnamese'), ('zh-hans', 'Simplified Chinese'), ('zh-hant', 'Traditional Chinese')], 'LANGUAGE_CODE': 'es', 'LANGUAGE_BIDI': False, 'MEDIA_URL': '', 'STATIC_URL': '/static/', 'TIME_ZONE': 'UTC'}, {}, {'form': <LoginForm bound=False, valid=False, fields=(login;password)>, 'view': <allauth.account.views.LoginView object at 0x000001E39C30DC88>, 'signup_url': '/accounts/signup/', 'site': <Site: example.com>, 'redirect_field_name': 'next', 'redirect_field_value': None}, {'block': <Block Node: body. Contents: [<TextNode: '\n\n    '>, <IfNode>, <TextNode: '\n\n    <div>\n      <strong'>, <IfNode>, <TextNode: '\n      </ul>\n    </div>\n '>, <Block Node: content. Contents: [<TextNode: '\n    '>]>, <TextNode: '\n    '>]>}, {'block': <Block Node: content. Contents: [<TextNode: '\n\n<h1>'>, <django.templatetags.i18n.TranslateNode object at 0x000001E39C2F6A58>, <TextNode: '</h1>\n\n'>, <django.template.library.SimpleNode object at 0x000001E39C2F6EB8>, <TextNode: '\n\n'>, <IfNode>, <TextNode: '\n\n<form class="login" met'>, <django.template.defaulttags.URLNode object at 0x000001E39C30D828>, <TextNode: '">\n  '>, <django.template.defaulttags.CsrfTokenNode object at 0x000001E39C30D908>, <TextNode: '\n  '>, <Variable Node: form.as_p>, <TextNode: '\n  '>, <IfNode>, <TextNode: '\n  <a class="button secon'>, <django.template.defaulttags.URLNode object at 0x000001E39C2EECC0>, <TextNode: '">'>, <django.templatetags.i18n.TranslateNode object at 0x000001E39C3126D8>, <TextNode: '</a>\n  <button class="pri'>, <django.templatetags.i18n.TranslateNode object at 0x000001E39C3129E8>, <TextNode: '</button>\n</form>\n\n'>]>, 'socialaccount_providers': [<allauth.socialaccount.providers.google.provider.GoogleProvider object at 0x000001E39C312F98>]}, {'process': 'login', 'socialaccount_providers': [<allauth.socialaccount.providers.google.provider.GoogleProvider object at 0x000001E39C33A9E8>]}, {'forloop': {'parentloop': {}, 'counter0': 0, 'counter': 1, 'revcounter': 1, 'revcounter0': 0, 'first': True, 'last': True}, 'provider': <allauth.socialaccount.providers.google.provider.GoogleProvider object at 0x000001E39C33A9E8>}]
[14/Aug/2018 18:25:56] INFO [django.server:124] "GET /accounts/login/ HTTP/1.1" 200 11030
[14/Aug/2018 18:25:56] INFO [django.server:124] "GET /static/debug_toolbar/css/toolbar.css HTTP/1.1" 304 0
[14/Aug/2018 18:25:56] INFO [django.server:124] "GET /static/debug_toolbar/js/jquery_pre.js HTTP/1.1" 304 0
[14/Aug/2018 18:25:56] INFO [django.server:124] "GET /static/debug_toolbar/js/toolbar.js HTTP/1.1" 304 0
[14/Aug/2018 18:25:56] INFO [django.server:124] "GET /static/debug_toolbar/img/ajax-loader.gif HTTP/1.1" 304 0
[14/Aug/2018 18:25:56] INFO [django.server:124] "GET /static/debug_toolbar/js/jquery_post.js HTTP/1.1" 304 0
[14/Aug/2018 18:25:56] INFO [django.server:124] "GET /static/debug_toolbar/css/print.css HTTP/1.1" 304 0
[14/Aug/2018 18:26:06] INFO [django.server:124] "GET /accounts/password/reset/ HTTP/1.1" 200 10602
[14/Aug/2018 18:26:06] INFO [django.server:124] "GET /static/debug_toolbar/css/toolbar.css HTTP/1.1" 304 0
[14/Aug/2018 18:26:06] INFO [django.server:124] "GET /static/debug_toolbar/js/jquery_pre.js HTTP/1.1" 304 0
[14/Aug/2018 18:26:06] INFO [django.server:124] "GET /static/debug_toolbar/js/jquery_post.js HTTP/1.1" 304 0
[14/Aug/2018 18:26:06] INFO [django.server:124] "GET /static/debug_toolbar/js/toolbar.js HTTP/1.1" 304 0
[14/Aug/2018 18:26:06] INFO [django.server:124] "GET /static/debug_toolbar/img/ajax-loader.gif HTTP/1.1" 304 0
[14/Aug/2018 18:26:06] INFO [django.server:124] "GET /static/debug_toolbar/css/print.css HTTP/1.1" 304 0
[14/Aug/2018 18:26:10] DEBUG [django.db.backends:111] (0.111) SELECT "account_emailaddress"."id", "account_emailaddress"."user_id", "account_emailaddress"."email", "account_emailaddress"."verified", "account_emailaddress"."primary" FROM "account_emailaddress" WHERE UPPER("account_emailaddress"."email"::text) = UPPER('angeli@upeu.edu.pe'); args=('angeli@upeu.edu.pe',)
[14/Aug/2018 18:26:10] DEBUG [django.db.backends:111] (0.111) SELECT "auth_user"."id", "auth_user"."password", "auth_user"."last_login", "auth_user"."is_superuser", "auth_user"."username", "auth_user"."first_name", "auth_user"."last_name", "auth_user"."email", "auth_user"."is_staff", "auth_user"."is_active", "auth_user"."date_joined" FROM "auth_user" WHERE "auth_user"."id" IN (2); args=(2,)
[14/Aug/2018 18:26:10] DEBUG [django.db.backends:111] (0.109) SELECT "auth_user"."id", "auth_user"."password", "auth_user"."last_login", "auth_user"."is_superuser", "auth_user"."username", "auth_user"."first_name", "auth_user"."last_name", "auth_user"."email", "auth_user"."is_staff", "auth_user"."is_active", "auth_user"."date_joined" FROM "auth_user" WHERE UPPER("auth_user"."email"::text) = UPPER('angeli@upeu.edu.pe'); args=('angeli@upeu.edu.pe',)
[14/Aug/2018 18:26:10] DEBUG [django.db.backends:111] (0.120) SELECT (1) AS "a" FROM "account_emailaddress" WHERE (UPPER("account_emailaddress"."email"::text) = UPPER('angeli@upeu.edu.pe') AND "account_emailaddress"."user_id" = 2)  LIMIT 1; args=('angeli@upeu.edu.pe', 2)
[14/Aug/2018 18:26:10] DEBUG [django.db.backends:111] (0.109) SELECT "account_emailaddress"."email" FROM "account_emailaddress" WHERE "account_emailaddress"."user_id" = 2; args=(2,)
[14/Aug/2018 18:26:17] INFO [django.server:124] "POST /accounts/password/reset/ HTTP/1.1" 302 0
[14/Aug/2018 18:26:17] INFO [django.server:124] "GET /accounts/password/reset/done/ HTTP/1.1" 200 10047
[14/Aug/2018 18:26:17] INFO [django.server:124] "GET /static/debug_toolbar/css/toolbar.css HTTP/1.1" 304 0
[14/Aug/2018 18:26:17] INFO [django.server:124] "GET /static/debug_toolbar/js/toolbar.js HTTP/1.1" 304 0
[14/Aug/2018 18:26:17] INFO [django.server:124] "GET /static/debug_toolbar/js/jquery_pre.js HTTP/1.1" 304 0
[14/Aug/2018 18:26:17] INFO [django.server:124] "GET /static/debug_toolbar/js/jquery_post.js HTTP/1.1" 304 0
[14/Aug/2018 18:26:17] INFO [django.server:124] "GET /static/debug_toolbar/css/print.css HTTP/1.1" 304 0
[14/Aug/2018 18:26:17] INFO [django.server:124] "GET /static/debug_toolbar/img/ajax-loader.gif HTTP/1.1" 200 404
[14/Aug/2018 18:30:08] DEBUG [django.db.backends:111] (0.110) SELECT "auth_user"."id", "auth_user"."password", "auth_user"."last_login", "auth_user"."is_superuser", "auth_user"."username", "auth_user"."first_name", "auth_user"."last_name", "auth_user"."email", "auth_user"."is_staff", "auth_user"."is_active", "auth_user"."date_joined" FROM "auth_user" WHERE "auth_user"."id" = 2; args=(2,)
[14/Aug/2018 18:30:08] DEBUG [django.db.backends:111] (0.110) SELECT (1) AS "a" FROM "account_emailaddress" WHERE (UPPER("account_emailaddress"."email"::text) = UPPER('angeli@upeu.edu.pe') AND "account_emailaddress"."user_id" = 2)  LIMIT 1; args=('angeli@upeu.edu.pe', 2)
[14/Aug/2018 18:30:08] DEBUG [django.db.backends:111] (0.109) SELECT "account_emailaddress"."email" FROM "account_emailaddress" WHERE "account_emailaddress"."user_id" = 2; args=(2,)
[14/Aug/2018 18:30:09] DEBUG [django.db.backends:111] (0.110) SELECT (1) AS "a" FROM "django_session" WHERE "django_session"."session_key" = 'w7vhj0t1hr9e1tcz6uxgj3netds405zb'  LIMIT 1; args=('w7vhj0t1hr9e1tcz6uxgj3netds405zb',)
[14/Aug/2018 18:30:09] DEBUG [django.db.backends:111] (0.215) INSERT INTO "django_session" ("session_key", "session_data", "expire_date") VALUES ('w7vhj0t1hr9e1tcz6uxgj3netds405zb', 'OGMxNDg4NzRiYzhjNGIxZTg4MDcyOTA0MGE1OWI4NDA1MjViMDY5Yjp7Il9wYXNzd29yZF9yZXNldF9rZXkiOiI0eXEtYjkyZGI2YTI3NGI0ZmRjNWM5MWIifQ==', '2018-08-28T23:30:09.066950+00:00'::timestamptz); args=('w7vhj0t1hr9e1tcz6uxgj3netds405zb', 'OGMxNDg4NzRiYzhjNGIxZTg4MDcyOTA0MGE1OWI4NDA1MjViMDY5Yjp7Il9wYXNzd29yZF9yZXNldF9rZXkiOiI0eXEtYjkyZGI2YTI3NGI0ZmRjNWM5MWIifQ==', datetime.datetime(2018, 8, 28, 23, 30, 9, 66950, tzinfo=<UTC>))
[14/Aug/2018 18:30:09] INFO [django.server:124] "GET /accounts/password/reset/key/2-4yq-b92db6a274b4fdc5c91b/ HTTP/1.1" 302 0
[14/Aug/2018 18:30:10] DEBUG [django.db.backends:111] (0.112) SELECT "django_session"."session_key", "django_session"."session_data", "django_session"."expire_date" FROM "django_session" WHERE ("django_session"."expire_date" > '2018-08-14T23:30:09.406340+00:00'::timestamptz AND "django_session"."session_key" = 'w7vhj0t1hr9e1tcz6uxgj3netds405zb'); args=(datetime.datetime(2018, 8, 14, 23, 30, 9, 406340, tzinfo=<UTC>), 'w7vhj0t1hr9e1tcz6uxgj3netds405zb')
[14/Aug/2018 18:30:10] DEBUG [django.db.backends:111] (0.111) SELECT "auth_user"."id", "auth_user"."password", "auth_user"."last_login", "auth_user"."is_superuser", "auth_user"."username", "auth_user"."first_name", "auth_user"."last_name", "auth_user"."email", "auth_user"."is_staff", "auth_user"."is_active", "auth_user"."date_joined" FROM "auth_user" WHERE "auth_user"."id" = 2; args=(2,)
[14/Aug/2018 18:30:10] DEBUG [django.db.backends:111] (0.110) SELECT (1) AS "a" FROM "account_emailaddress" WHERE (UPPER("account_emailaddress"."email"::text) = UPPER('angeli@upeu.edu.pe') AND "account_emailaddress"."user_id" = 2)  LIMIT 1; args=('angeli@upeu.edu.pe', 2)
[14/Aug/2018 18:30:10] DEBUG [django.db.backends:111] (0.109) SELECT "account_emailaddress"."email" FROM "account_emailaddress" WHERE "account_emailaddress"."user_id" = 2; args=(2,)
[14/Aug/2018 18:30:10] DEBUG [django.template:872] Exception while resolving variable 'token_fail' in template 'account/password_reset_from_key.html'.
Traceback (most recent call last):
  File "C:\Users\asullom\.virtualenvs\nlotes_serve-u3riQcTX\lib\site-packages\django\template\base.py", line 829, in _resolve_lookup
    current = current[bit]
  File "C:\Users\asullom\.virtualenvs\nlotes_serve-u3riQcTX\lib\site-packages\django\template\context.py", line 83, in __getitem__
    raise KeyError(key)
KeyError: 'token_fail'

During handling of the above exception, another exception occurred:

Traceback (most recent call last):
  File "C:\Users\asullom\.virtualenvs\nlotes_serve-u3riQcTX\lib\site-packages\django\template\base.py", line 835, in _resolve_lookup
    if isinstance(current, BaseContext) and getattr(type(current), bit):
AttributeError: type object 'RequestContext' has no attribute 'token_fail'

During handling of the above exception, another exception occurred:

Traceback (most recent call last):
  File "C:\Users\asullom\.virtualenvs\nlotes_serve-u3riQcTX\lib\site-packages\django\template\base.py", line 843, in _resolve_lookup
    current = current[int(bit)]
ValueError: invalid literal for int() with base 10: 'token_fail'

During handling of the above exception, another exception occurred:

Traceback (most recent call last):
  File "C:\Users\asullom\.virtualenvs\nlotes_serve-u3riQcTX\lib\site-packages\django\template\base.py", line 850, in _resolve_lookup
    (bit, current))  # missing attribute
django.template.base.VariableDoesNotExist: Failed lookup for key [token_fail] in [{'True': True, 'False': False, 'None': None}, {'csrf_token': <SimpleLazyObject: 't56oqcx0ZB6IGqAB4G1rRcaRtezdrztvqqfmmTMwyOBvoUR1kHWbb8yAfsh1axF1'>, 'debug': True, 'sql_queries': <function debug.<locals>.<lambda> at 0x000001E39C3946A8>, 'request': <WSGIRequest: GET '/accounts/password/reset/key/2-set-password/'>, 'user': <SimpleLazyObject: <django.contrib.auth.models.AnonymousUser object at 0x000001E39C44D128>>, 'perms': <django.contrib.auth.context_processors.PermWrapper object at 0x000001E39C44D198>, 'messages': <django.contrib.messages.storage.fallback.FallbackStorage object at 0x000001E39C458E80>, 'DEFAULT_MESSAGE_LEVELS': {'DEBUG': 10, 'INFO': 20, 'SUCCESS': 25, 'WARNING': 30, 'ERROR': 40}, 'LANGUAGES': [('af', 'Afrikaans'), ('ar', 'Arabic'), ('ast', 'Asturian'), ('az', 'Azerbaijani'), ('bg', 'Bulgarian'), ('be', 'Belarusian'), ('bn', 'Bengali'), ('br', 'Breton'), ('bs', 'Bosnian'), ('ca', 'Catalan'), ('cs', 'Czech'), ('cy', 'Welsh'), ('da', 'Danish'), ('de', 'German'), ('dsb', 'Lower Sorbian'), ('el', 'Greek'), ('en', 'English'), ('en-au', 'Australian English'), ('en-gb', 'British English'), ('eo', 'Esperanto'), ('es', 'Spanish'), ('es-ar', 'Argentinian Spanish'), ('es-co', 'Colombian Spanish'), ('es-mx', 'Mexican Spanish'), ('es-ni', 'Nicaraguan Spanish'), ('es-ve', 'Venezuelan Spanish'), ('et', 'Estonian'), ('eu', 'Basque'), ('fa', 'Persian'), ('fi', 'Finnish'), ('fr', 'French'), ('fy', 'Frisian'), ('ga', 'Irish'), ('gd', 'Scottish Gaelic'), ('gl', 'Galician'), ('he', 'Hebrew'), ('hi', 'Hindi'), ('hr', 'Croatian'), ('hsb', 'Upper Sorbian'), ('hu', 'Hungarian'), ('ia', 'Interlingua'), ('id', 'Indonesian'), ('io', 'Ido'), ('is', 'Icelandic'), ('it', 'Italian'), ('ja', 'Japanese'), ('ka', 'Georgian'), ('kab', 'Kabyle'), ('kk', 'Kazakh'), ('km', 'Khmer'), ('kn', 'Kannada'), ('ko', 'Korean'), ('lb', 'Luxembourgish'), ('lt', 'Lithuanian'), ('lv', 'Latvian'), ('mk', 'Macedonian'), ('ml', 'Malayalam'), ('mn', 'Mongolian'), ('mr', 'Marathi'), ('my', 'Burmese'), ('nb', 'Norwegian Bokmål'), ('ne', 'Nepali'), ('nl', 'Dutch'), ('nn', 'Norwegian Nynorsk'), ('os', 'Ossetic'), ('pa', 'Punjabi'), ('pl', 'Polish'), ('pt', 'Portuguese'), ('pt-br', 'Brazilian Portuguese'), ('ro', 'Romanian'), ('ru', 'Russian'), ('sk', 'Slovak'), ('sl', 'Slovenian'), ('sq', 'Albanian'), ('sr', 'Serbian'), ('sr-latn', 'Serbian Latin'), ('sv', 'Swedish'), ('sw', 'Swahili'), ('ta', 'Tamil'), ('te', 'Telugu'), ('th', 'Thai'), ('tr', 'Turkish'), ('tt', 'Tatar'), ('udm', 'Udmurt'), ('uk', 'Ukrainian'), ('ur', 'Urdu'), ('vi', 'Vietnamese'), ('zh-hans', 'Simplified Chinese'), ('zh-hant', 'Traditional Chinese')], 'LANGUAGE_CODE': 'es', 'LANGUAGE_BIDI': False, 'MEDIA_URL': '', 'STATIC_URL': '/static/', 'TIME_ZONE': 'UTC'}, {}, {'form': <ResetPasswordKeyForm bound=False, valid=False, fields=(password1;password2)>, 'view': <allauth.account.views.PasswordResetFromKeyView object at 0x000001E39C458F60>, 'action_url': '/accounts/password/reset/key/2-set-password/'}, {'block': <Block Node: body. Contents: [<TextNode: '\n\n    '>, <IfNode>, <TextNode: '\n\n    <div>\n      <strong'>, <IfNode>, <TextNode: '\n      </ul>\n    </div>\n '>, <Block Node: content. Contents: [<TextNode: '\n    '>]>, <TextNode: '\n    '>]>}, {'block': <Block Node: content. Contents: [<TextNode: '\n    <h1>'>, <IfNode>, <TextNode: '</h1>\n\n    '>, <IfNode>, <TextNode: '\n'>]>}]
[14/Aug/2018 18:30:10] DEBUG [django.template:872] Exception while resolving variable 'token_fail' in template 'account/password_reset_from_key.html'.
Traceback (most recent call last):
  File "C:\Users\asullom\.virtualenvs\nlotes_serve-u3riQcTX\lib\site-packages\django\template\base.py", line 829, in _resolve_lookup
    current = current[bit]
  File "C:\Users\asullom\.virtualenvs\nlotes_serve-u3riQcTX\lib\site-packages\django\template\context.py", line 83, in __getitem__
    raise KeyError(key)
KeyError: 'token_fail'

During handling of the above exception, another exception occurred:

Traceback (most recent call last):
  File "C:\Users\asullom\.virtualenvs\nlotes_serve-u3riQcTX\lib\site-packages\django\template\base.py", line 835, in _resolve_lookup
    if isinstance(current, BaseContext) and getattr(type(current), bit):
AttributeError: type object 'RequestContext' has no attribute 'token_fail'

During handling of the above exception, another exception occurred:

Traceback (most recent call last):
  File "C:\Users\asullom\.virtualenvs\nlotes_serve-u3riQcTX\lib\site-packages\django\template\base.py", line 843, in _resolve_lookup
    current = current[int(bit)]
ValueError: invalid literal for int() with base 10: 'token_fail'

During handling of the above exception, another exception occurred:

Traceback (most recent call last):
  File "C:\Users\asullom\.virtualenvs\nlotes_serve-u3riQcTX\lib\site-packages\django\template\base.py", line 850, in _resolve_lookup
    (bit, current))  # missing attribute
django.template.base.VariableDoesNotExist: Failed lookup for key [token_fail] in [{'True': True, 'False': False, 'None': None}, {'csrf_token': <SimpleLazyObject: 't56oqcx0ZB6IGqAB4G1rRcaRtezdrztvqqfmmTMwyOBvoUR1kHWbb8yAfsh1axF1'>, 'debug': True, 'sql_queries': <function debug.<locals>.<lambda> at 0x000001E39C3946A8>, 'request': <WSGIRequest: GET '/accounts/password/reset/key/2-set-password/'>, 'user': <SimpleLazyObject: <django.contrib.auth.models.AnonymousUser object at 0x000001E39C44D128>>, 'perms': <django.contrib.auth.context_processors.PermWrapper object at 0x000001E39C44D198>, 'messages': <django.contrib.messages.storage.fallback.FallbackStorage object at 0x000001E39C458E80>, 'DEFAULT_MESSAGE_LEVELS': {'DEBUG': 10, 'INFO': 20, 'SUCCESS': 25, 'WARNING': 30, 'ERROR': 40}, 'LANGUAGES': [('af', 'Afrikaans'), ('ar', 'Arabic'), ('ast', 'Asturian'), ('az', 'Azerbaijani'), ('bg', 'Bulgarian'), ('be', 'Belarusian'), ('bn', 'Bengali'), ('br', 'Breton'), ('bs', 'Bosnian'), ('ca', 'Catalan'), ('cs', 'Czech'), ('cy', 'Welsh'), ('da', 'Danish'), ('de', 'German'), ('dsb', 'Lower Sorbian'), ('el', 'Greek'), ('en', 'English'), ('en-au', 'Australian English'), ('en-gb', 'British English'), ('eo', 'Esperanto'), ('es', 'Spanish'), ('es-ar', 'Argentinian Spanish'), ('es-co', 'Colombian Spanish'), ('es-mx', 'Mexican Spanish'), ('es-ni', 'Nicaraguan Spanish'), ('es-ve', 'Venezuelan Spanish'), ('et', 'Estonian'), ('eu', 'Basque'), ('fa', 'Persian'), ('fi', 'Finnish'), ('fr', 'French'), ('fy', 'Frisian'), ('ga', 'Irish'), ('gd', 'Scottish Gaelic'), ('gl', 'Galician'), ('he', 'Hebrew'), ('hi', 'Hindi'), ('hr', 'Croatian'), ('hsb', 'Upper Sorbian'), ('hu', 'Hungarian'), ('ia', 'Interlingua'), ('id', 'Indonesian'), ('io', 'Ido'), ('is', 'Icelandic'), ('it', 'Italian'), ('ja', 'Japanese'), ('ka', 'Georgian'), ('kab', 'Kabyle'), ('kk', 'Kazakh'), ('km', 'Khmer'), ('kn', 'Kannada'), ('ko', 'Korean'), ('lb', 'Luxembourgish'), ('lt', 'Lithuanian'), ('lv', 'Latvian'), ('mk', 'Macedonian'), ('ml', 'Malayalam'), ('mn', 'Mongolian'), ('mr', 'Marathi'), ('my', 'Burmese'), ('nb', 'Norwegian Bokmål'), ('ne', 'Nepali'), ('nl', 'Dutch'), ('nn', 'Norwegian Nynorsk'), ('os', 'Ossetic'), ('pa', 'Punjabi'), ('pl', 'Polish'), ('pt', 'Portuguese'), ('pt-br', 'Brazilian Portuguese'), ('ro', 'Romanian'), ('ru', 'Russian'), ('sk', 'Slovak'), ('sl', 'Slovenian'), ('sq', 'Albanian'), ('sr', 'Serbian'), ('sr-latn', 'Serbian Latin'), ('sv', 'Swedish'), ('sw', 'Swahili'), ('ta', 'Tamil'), ('te', 'Telugu'), ('th', 'Thai'), ('tr', 'Turkish'), ('tt', 'Tatar'), ('udm', 'Udmurt'), ('uk', 'Ukrainian'), ('ur', 'Urdu'), ('vi', 'Vietnamese'), ('zh-hans', 'Simplified Chinese'), ('zh-hant', 'Traditional Chinese')], 'LANGUAGE_CODE': 'es', 'LANGUAGE_BIDI': False, 'MEDIA_URL': '', 'STATIC_URL': '/static/', 'TIME_ZONE': 'UTC'}, {}, {'form': <ResetPasswordKeyForm bound=False, valid=False, fields=(password1;password2)>, 'view': <allauth.account.views.PasswordResetFromKeyView object at 0x000001E39C458F60>, 'action_url': '/accounts/password/reset/key/2-set-password/'}, {'block': <Block Node: body. Contents: [<TextNode: '\n\n    '>, <IfNode>, <TextNode: '\n\n    <div>\n      <strong'>, <IfNode>, <TextNode: '\n      </ul>\n    </div>\n '>, <Block Node: content. Contents: [<TextNode: '\n    '>]>, <TextNode: '\n    '>]>}, {'block': <Block Node: content. Contents: [<TextNode: '\n    <h1>'>, <IfNode>, <TextNode: '</h1>\n\n    '>, <IfNode>, <TextNode: '\n'>]>}]
[14/Aug/2018 18:30:10] INFO [django.server:124] "GET /accounts/password/reset/key/2-set-password/ HTTP/1.1" 200 10633
[14/Aug/2018 18:30:10] INFO [django.server:124] "GET /static/debug_toolbar/css/toolbar.css HTTP/1.1" 304 0
[14/Aug/2018 18:30:11] INFO [django.server:124] "GET /static/debug_toolbar/js/jquery_pre.js HTTP/1.1" 304 0
[14/Aug/2018 18:30:11] INFO [django.server:124] "GET /static/debug_toolbar/js/toolbar.js HTTP/1.1" 304 0
[14/Aug/2018 18:30:11] INFO [django.server:124] "GET /static/debug_toolbar/img/ajax-loader.gif HTTP/1.1" 304 0
[14/Aug/2018 18:30:11] INFO [django.server:124] "GET /static/debug_toolbar/js/jquery_post.js HTTP/1.1" 304 0
[14/Aug/2018 18:30:11] INFO [django.server:124] "GET /static/debug_toolbar/css/print.css HTTP/1.1" 304 0
